<?xml version="1.0" encoding="utf-8"?>
<TestRun id="2c49cd5b-de10-4ccc-aa66-4b193bc5d886" name="Arafat Inan@LAPTOP-741RB0M6 2026-09-19 18:05:46" runUser="LAPTOP-741RB0M6\Arafat Inan" xmlns="http://microsoft.com/schemas/VisualStudio/TeamTest/2010">
  <Times creation="2026-09-19T18:05:46.6010011+06:00" queuing="2026-09-19T18:05:46.6010014+06:00" start="2026-09-19T18:05:45.9017229+06:00" finish="2026-09-19T18:06:00.8884456+06:00" />
  <TestSettings name="default" id="887cee30-5633-41ab-b86e-01593a66c36a">
    <Deployment runDeploymentRoot="Arafat_Inan_LAPTOP-741RB0M6_2026-09-19_18_05_46" />
  </TestSettings>
  <Results>
    <UnitTestResult executionId="e4c620cc-d06a-4deb-845d-22128194eae3" testId="f7bb36de-4b34-d082-dcff-fb0865f50680" testName="AGapJustBelowThePerformanceThresholdIsNotReportedAtAll" computerName="LAPTOP-741RB0M6" duration="00:00:00.0001280" startTime="2026-09-19T18:05:46.9510390+06:00" endTime="2026-09-19T18:05:46.9511673+06:00" testType="13cdc9d9-ddb5-4fa4-a97d-d965ccfc6d4b" outcome="Passed" testListId="8c84fa94-04c1-424b-9868-57a2d4851a1d" relativeResultsDirectory="e4c620cc-d06a-4deb-845d-22128194eae3" />
    <UnitTestResult executionId="c6b1d59d-a134-4bae-b9e2-9bd002bc80de" testId="3723358a-9437-8e4d-c95f-f148353a99e8" testName="PhaseAtMatchesExpectedPointInTheBeat(1499,0.998d)" computerName="LAPTOP-741RB0M6" duration="00:00:00.0000170" startTime="2026-09-19T18:05:46.9481953+06:00" endTime="2026-09-19T18:05:46.9482126+06:00" testType="13cdc9d9-ddb5-4fa4-a97d-d965ccfc6d4b" outcome="Passed" testListId="8c84fa94-04c1-424b-9868-57a2d4851a1d" relativeResultsDirectory="c6b1d59d-a134-4bae-b9e2-9bd002bc80de" />
    <UnitTestResult executionId="d1980596-985a-4836-9a48-3625ffd2497d" testId="7c1f7c54-4d73-3296-7bfc-11c8df8614be" testName="PreemptDecreasesAsApproachRateIncreases" computerName="LAPTOP-741RB0M6" duration="00:00:00.0001280" startTime="2026-09-19T18:05:46.9599837+06:00" endTime="2026-09-19T18:05:46.9601118+06:00" testType="13cdc9d9-ddb5-4fa4-a97d-d965ccfc6d4b" outcome="Passed" testListId="8c84fa94-04c1-424b-9868-57a2d4851a1d" relativeResultsDirectory="d1980596-985a-4836-9a48-3625ffd2497d" />
    <UnitTestResult executionId="e5c89c38-9c9e-47f5-be0b-cf6c9bd255f2" testId="93ed5e02-2d0f-dd8e-9267-83dd5e8ece6e" testName="TestKeyPressOverCircleRegistersAHit" computerName="LAPTOP-741RB0M6" duration="00:00:00.1058430" startTime="2026-09-19T18:05:55.0602640+06:00" endTime="2026-09-19T18:05:55.1661066+06:00" testType="13cdc9d9-ddb5-4fa4-a97d-d965ccfc6d4b" outcome="Passed" testListId="8c84fa94-04c1-424b-9868-57a2d4851a1d" relativeResultsDirectory="e5c89c38-9c9e-47f5-be0b-cf6c9bd255f2">
      <Output>
        <StdOut>[runtime] 2026-09-19 12:05:55 [verbose]: \ud83d\udca8 Class: TestSceneGameplayInput&#xD;
[runtime] 2026-09-19 12:05:55 [verbose]: \ud83d\udd36 Test:  TestKeyPressOverCircleRegistersAHit&#xD;
[runtime] 2026-09-19 12:05:55 [verbose]: \ud83d\udd38 Step #1 push gameplay&#xD;
[runtime] 2026-09-19 12:05:55 [verbose]: \ud83d\udcfa ScreenStack#524(depth:1) loading PlayerScreen#520&#xD;
[runtime] 2026-09-19 12:05:55 [verbose]: \ud83d\udcfa ScreenStack#524(depth:1) entered PlayerScreen#520&#xD;
[runtime] 2026-09-19 12:05:55 [verbose]: \ud83d\udd38 Step #2 gameplay loaded&#xD;
[runtime] 2026-09-19 12:05:55 [verbose]: \ud83d\udd38 Step #3 put cursor on the circle&#xD;
[runtime] 2026-09-19 12:05:55 [verbose]: \ud83d\udd38 Step #4 press Z on time&#xD;
[runtime] 2026-09-19 12:05:55 [verbose]: ✔️ 9 repetitions&#xD;
[runtime] 2026-09-19 12:05:55 [verbose]: \ud83d\udd38 Step #5 circle was hit, not missed&#xD;
[runtime] 2026-09-19 12:05:55 [verbose]: ✅ TestSceneGameplayInput completed</StdOut>
      </Output>
    </UnitTestResult>
    <UnitTestResult executionId="f2c348d2-13b6-4501-8906-c3288753ae71" testId="56bdcd83-1902-dad3-84a1-694ce351206f" testName="BrokenEntryHasNoBackgroundPathRatherThanThrowing" computerName="LAPTOP-741RB0M6" duration="00:00:00.0065240" startTime="2026-09-19T18:05:46.6941696+06:00" endTime="2026-09-19T18:05:46.7006937+06:00" testType="13cdc9d9-ddb5-4fa4-a97d-d965ccfc6d4b" outcome="Passed" testListId="8c84fa94-04c1-424b-9868-57a2d4851a1d" relativeResultsDirectory="f2c348d2-13b6-4501-8906-c3288753ae71" />
    <UnitTestResult executionId="5bdaec5c-1f31-4203-aaf0-c8021f224bc0" testId="d0feead5-3169-d185-430f-245a15b280de" testName="TestSliderBodyIsDrawnAlongItsPlayfieldPath" computerName="LAPTOP-741RB0M6" duration="00:00:00.0316470" startTime="2026-09-19T18:05:59.0980315+06:00" endTime="2026-09-19T18:05:59.1296782+06:00" testType="13cdc9d9-ddb5-4fa4-a97d-d965ccfc6d4b" outcome="Passed" testListId="8c84fa94-04c1-424b-9868-57a2d4851a1d" relativeResultsDirectory="5bdaec5c-1f31-4203-aaf0-c8021f224bc0">
      <Output>
        <StdOut>[runtime] 2026-09-19 12:05:59 [verbose]: \ud83d\udca8 Class: TestSceneSliderAndSpinner&#xD;
[runtime] 2026-09-19 12:05:59 [verbose]: \ud83d\udd36 Test:  TestSliderBodyIsDrawnAlongItsPlayfieldPath&#xD;
[runtime] 2026-09-19 12:05:59 [verbose]: \ud83d\udd38 Step #1 create playfield&#xD;
[runtime] 2026-09-19 12:05:59 [verbose]: \ud83d\udd38 Step #2 add a path&#xD;
[runtime] 2026-09-19 12:05:59 [verbose]: \ud83d\udd38 Step #3 loaded&#xD;
[runtime] 2026-09-19 12:05:59 [verbose]: \ud83d\udd38 Step #4 a vertex renders at its playfield coordinate&#xD;
[runtime] 2026-09-19 12:05:59 [verbose]: ✅ TestSceneSliderAndSpinner completed</StdOut>
      </Output>
    </UnitTestResult>
    <UnitTestResult executionId="46f40e2f-8cac-4640-9d7b-60c51788d9be" testId="ffc06500-741b-1534-94c7-a9aab5ef58b9" testName="TestThinningKeepsTheStrongestOnsetsInTimeOrder" computerName="LAPTOP-741RB0M6" duration="00:00:00.0139250" startTime="2026-09-19T18:05:54.2400876+06:00" endTime="2026-09-19T18:05:54.2540120+06:00" testType="13cdc9d9-ddb5-4fa4-a97d-d965ccfc6d4b" outcome="Passed" testListId="8c84fa94-04c1-424b-9868-57a2d4851a1d" relativeResultsDirectory="46f40e2f-8cac-4640-9d7b-60c51788d9be">
      <Output>
        <StdOut>[runtime] 2026-09-19 12:05:54 [verbose]: \ud83d\udca8 Class: TestSceneDspVisualization&#xD;
[runtime] 2026-09-19 12:05:54 [verbose]: \ud83d\udd36 Test:  TestThinningKeepsTheStrongestOnsetsInTimeOrder&#xD;
[runtime] 2026-09-19 12:05:54 [verbose]: ✅ TestSceneDspVisualization completed</StdOut>
      </Output>
    </UnitTestResult>
    <UnitTestResult executionId="aa41d11b-2e0e-48ba-a231-5d0d5f6209a1" testId="91d42dc8-6511-857a-82cb-bb666da4d74f" testName="DecodeErrorReportsTheLineNumber" computerName="LAPTOP-741RB0M6" duration="00:00:00.0034530" startTime="2026-09-19T18:05:46.6630294+06:00" endTime="2026-09-19T18:05:46.6664818+06:00" testType="13cdc9d9-ddb5-4fa4-a97d-d965ccfc6d4b" outcome="Passed" testListId="8c84fa94-04c1-424b-9868-57a2d4851a1d" relativeResultsDirectory="aa41d11b-2e0e-48ba-a231-5d0d5f6209a1" />
    <UnitTestResult executionId="32c6154e-2841-424e-a48e-cc9c57ce8484" testId="4c74885d-271d-fa03-85f2-8e27e4c2be11" testName="PhaseAtMatchesExpectedPointInTheBeat(1500,0)" computerName="LAPTOP-741RB0M6" duration="00:00:00.0000090" startTime="2026-09-19T18:05:46.9482161+06:00" endTime="2026-09-19T18:05:46.9482246+06:00" testType="13cdc9d9-ddb5-4fa4-a97d-d965ccfc6d4b" outcome="Passed" testListId="8c84fa94-04c1-424b-9868-57a2d4851a1d" relativeResultsDirectory="32c6154e-2841-424e-a48e-cc9c57ce8484" />
    <UnitTestResult executionId="9ca479c2-bcc8-4689-9ee9-f002641c65dd" testId="c3b8cf7b-c3e1-b055-0e71-25a601d2289e" testName="NewComboFlagsMatchTheBackendRule" computerName="LAPTOP-741RB0M6" duration="00:00:00.0013970" startTime="2026-09-19T18:05:46.6803167+06:00" endTime="2026-09-19T18:05:46.6817132+06:00" testType="13cdc9d9-ddb5-4fa4-a97d-d965ccfc6d4b" outcome="Passed" testListId="8c84fa94-04c1-424b-9868-57a2d4851a1d" relativeResultsDirectory="9ca479c2-bcc8-4689-9ee9-f002641c65dd" />
    <UnitTestResult executionId="fc355b90-4e46-4e00-a510-cd8ff6b54c86" testId="7d1ea3e0-66fc-f954-308e-e50cff266f8d" testName="UnrelatedSubdirectoriesAreIgnored" computerName="LAPTOP-741RB0M6" duration="00:00:00.0032910" startTime="2026-09-19T18:05:46.7931899+06:00" endTime="2026-09-19T18:05:46.7964808+06:00" testType="13cdc9d9-ddb5-4fa4-a97d-d965ccfc6d4b" outcome="Passed" testListId="8c84fa94-04c1-424b-9868-57a2d4851a1d" relativeResultsDirectory="fc355b90-4e46-4e00-a510-cd8ff6b54c86" />
    <UnitTestResult executionId="0939294c-f8b3-4822-939a-263607502282" testId="0a3a794d-d3cf-1168-1a46-07dd5f1c253e" testName="TestConstructor" computerName="LAPTOP-741RB0M6" duration="00:00:00.0321980" startTime="2026-09-19T18:05:58.7037042+06:00" endTime="2026-09-19T18:05:58.7359020+06:00" testType="13cdc9d9-ddb5-4fa4-a97d-d965ccfc6d4b" outcome="Passed" testListId="8c84fa94-04c1-424b-9868-57a2d4851a1d" relativeResultsDirectory="0939294c-f8b3-4822-939a-263607502282">
      <Output>
        <StdOut>[performance] 2026-09-19 12:05:58 [verbose]: TextureAtlas initialised (1024x1024)&#xD;
[runtime] 2026-09-19 12:05:58 [verbose]: \ud83d\udca8 Class: TestSceneSliderAndSpinner&#xD;
[runtime] 2026-09-19 12:05:58 [verbose]: \ud83d\udd36 Test:  TestConstructor&#xD;
[runtime] 2026-09-19 12:05:58 [verbose]: ✅ TestSceneSliderAndSpinner completed</StdOut>
      </Output>
    </UnitTestResult>
    <UnitTestResult executionId="8c003ce3-937c-4232-a308-5260201960a6" testId="ddc6079a-d5ab-d192-7b98-ee5310b137ea" testName="NewComboAndColourSkipBitsAreParsed(1,False,0)" computerName="LAPTOP-741RB0M6" duration="00:00:00.0005240" startTime="2026-09-19T18:05:46.6792924+06:00" endTime="2026-09-19T18:05:46.6798164+06:00" testType="13cdc9d9-ddb5-4fa4-a97d-d965ccfc6d4b" outcome="Passed" testListId="8c84fa94-04c1-424b-9868-57a2d4851a1d" relativeResultsDirectory="8c003ce3-937c-4232-a308-5260201960a6" />
    <UnitTestResult executionId="e3522ea5-1f80-4fab-b3a6-7cce9250659a" testId="f3e8ec6b-6884-51d8-a737-f3500b634bcd" testName="TestNonExistentFileShowsNoTextureRatherThanThrowing" computerName="LAPTOP-741RB0M6" duration="00:00:00.0320500" startTime="2026-09-19T18:05:48.2304863+06:00" endTime="2026-09-19T18:05:48.2625355+06:00" testType="13cdc9d9-ddb5-4fa4-a97d-d965ccfc6d4b" outcome="Passed" testListId="8c84fa94-04c1-424b-9868-57a2d4851a1d" relativeResultsDirectory="e3522ea5-1f80-4fab-b3a6-7cce9250659a">
      <Output>
        <StdOut>[runtime] 2026-09-19 12:05:48 [verbose]: \ud83d\udca8 Class: TestSceneBeatmapBackground&#xD;
[runtime] 2026-09-19 12:05:48 [verbose]: \ud83d\udd36 Test:  TestNonExistentFileShowsNoTextureRatherThanThrowing&#xD;
[runtime] 2026-09-19 12:05:48 [verbose]: \ud83d\udd38 Step #1 create with a path that doesn't exist&#xD;
[runtime] 2026-09-19 12:05:48 [verbose]: \ud83d\udd38 Step #2 loaded&#xD;
[runtime] 2026-09-19 12:05:48 [verbose]: \ud83d\udd38 Step #3 no texture&#xD;
[runtime] 2026-09-19 12:05:48 [verbose]: ✅ TestSceneBeatmapBackground completed</StdOut>
      </Output>
    </UnitTestResult>
    <UnitTestResult executionId="c0a9ca5b-0067-43e1-bba6-8f47a77307fe" testId="3b95687d-8aba-9e32-13a6-cfa239cba609" testName="TestSpectrogramSkipsStraightToRevealed" computerName="LAPTOP-741RB0M6" duration="00:00:00.0412550" startTime="2026-09-19T18:05:54.1353321+06:00" endTime="2026-09-19T18:05:54.1765867+06:00" testType="13cdc9d9-ddb5-4fa4-a97d-d965ccfc6d4b" outcome="Passed" testListId="8c84fa94-04c1-424b-9868-57a2d4851a1d" relativeResultsDirectory="c0a9ca5b-0067-43e1-bba6-8f47a77307fe">
      <Output>
        <StdOut>[runtime] 2026-09-19 12:05:54 [verbose]: \ud83d\udca8 Class: TestSceneDspVisualization&#xD;
[runtime] 2026-09-19 12:05:54 [verbose]: \ud83d\udd36 Test:  TestSpectrogramSkipsStraightToRevealed&#xD;
[runtime] 2026-09-19 12:05:54 [verbose]: \ud83d\udd38 Step #1 add spectrogram&#xD;
[runtime] 2026-09-19 12:05:54 [verbose]: \ud83d\udd38 Step #2 loaded&#xD;
[runtime] 2026-09-19 12:05:54 [verbose]: \ud83d\udd38 Step #3 reveal slowly&#xD;
[runtime] 2026-09-19 12:05:54 [verbose]: \ud83d\udd38 Step #4 skip&#xD;
[runtime] 2026-09-19 12:05:54 [verbose]: \ud83d\udd38 Step #5 fully revealed&#xD;
[runtime] 2026-09-19 12:05:54 [verbose]: ✅ TestSceneDspVisualization completed</StdOut>
      </Output>
    </UnitTestResult>
    <UnitTestResult executionId="a7ccdc0a-f092-466a-b7ab-3b28d1167769" testId="2f70e084-cc1e-f637-7418-f267e8fb9f95" testName="MissingOszFileIsReported" computerName="LAPTOP-741RB0M6" duration="00:00:00.0012780" startTime="2026-09-19T18:05:46.9129402+06:00" endTime="2026-09-19T18:05:46.9142174+06:00" testType="13cdc9d9-ddb5-4fa4-a97d-d965ccfc6d4b" outcome="Passed" testListId="8c84fa94-04c1-424b-9868-57a2d4851a1d" relativeResultsDirectory="a7ccdc0a-f092-466a-b7ab-3b28d1167769" />
    <UnitTestResult executionId="52fa6f18-0af6-4ea5-a717-6b211cc608ef" testId="82d149d1-4ddc-2777-3101-ce6003bc0966" testName="ScoreIncreasesWithCombo" computerName="LAPTOP-741RB0M6" duration="00:00:00.0002010" startTime="2026-09-19T18:05:46.9659023+06:00" endTime="2026-09-19T18:05:46.9661027+06:00" testType="13cdc9d9-ddb5-4fa4-a97d-d965ccfc6d4b" outcome="Passed" testListId="8c84fa94-04c1-424b-9868-57a2d4851a1d" relativeResultsDirectory="52fa6f18-0af6-4ea5-a717-6b211cc608ef" />
    <UnitTestResult executionId="4917515f-6b32-4e44-9f91-161b11bb41bf" testId="649a9821-d06c-10c8-2bf8-696acec8ddae" testName="TestACircleHasNoDuration" computerName="LAPTOP-741RB0M6" duration="00:00:00.0424100" startTime="2026-09-19T18:05:46.4779397+06:00" endTime="2026-09-19T18:05:46.5203049+06:00" testType="13cdc9d9-ddb5-4fa4-a97d-d965ccfc6d4b" outcome="Passed" testListId="8c84fa94-04c1-424b-9868-57a2d4851a1d" relativeResultsDirectory="4917515f-6b32-4e44-9f91-161b11bb41bf" />
    <UnitTestResult executionId="a089fa48-5e52-4669-a71a-e2d5b546ae54" testId="1777d128-6db6-1ec5-3ebd-c83a21ece3bc" testName="TestMatchesTheRealBackendsOutputWhenOneIsPresent" computerName="LAPTOP-741RB0M6" duration="00:00:00.0130630" startTime="2026-09-19T18:05:46.5238610+06:00" endTime="2026-09-19T18:05:46.5369235+06:00" testType="13cdc9d9-ddb5-4fa4-a97d-d965ccfc6d4b" outcome="Passed" testListId="8c84fa94-04c1-424b-9868-57a2d4851a1d" relativeResultsDirectory="a089fa48-5e52-4669-a71a-e2d5b546ae54" />
    <UnitTestResult executionId="8f4817d7-b5ed-4e3c-8aff-1fb98188c428" testId="13287c03-f892-81db-d526-9340433566ae" testName="TestRoundTripsAFileFromDisk" computerName="LAPTOP-741RB0M6" duration="00:00:00.0077880" startTime="2026-09-19T18:05:46.5423283+06:00" endTime="2026-09-19T18:05:46.5501153+06:00" testType="13cdc9d9-ddb5-4fa4-a97d-d965ccfc6d4b" outcome="Passed" testListId="8c84fa94-04c1-424b-9868-57a2d4851a1d" relativeResultsDirectory="8f4817d7-b5ed-4e3c-8aff-1fb98188c428" />
    <UnitTestResult executionId="7345cadc-685d-4554-b3f3-b00f7738436d" testId="577d611d-7d99-e402-35fe-f63b1b1379f8" testName="OnlyAudioTheBackendReadsIsAccepted(&quot;&quot;,False)" computerName="LAPTOP-741RB0M6" duration="00:00:00.0032169" startTime="2026-09-19T18:05:46.6260096+06:00" endTime="2026-09-19T18:05:46.6292259+06:00" testType="13cdc9d9-ddb5-4fa4-a97d-d965ccfc6d4b" outcome="Passed" testListId="8c84fa94-04c1-424b-9868-57a2d4851a1d" relativeResultsDirectory="7345cadc-685d-4554-b3f3-b00f7738436d" />
    <UnitTestResult executionId="cfd1ec0b-4880-4f4d-8475-8d57acfc8a29" testId="5644c6ce-c58b-bcb8-2fed-7e4683ad47a3" testName="TestSliderIgnoredEntirelyIsAMiss" computerName="LAPTOP-741RB0M6" duration="00:00:00.0433520" startTime="2026-09-19T18:05:59.2796849+06:00" endTime="2026-09-19T18:05:59.3230370+06:00" testType="13cdc9d9-ddb5-4fa4-a97d-d965ccfc6d4b" outcome="Passed" testListId="8c84fa94-04c1-424b-9868-57a2d4851a1d" relativeResultsDirectory="cfd1ec0b-4880-4f4d-8475-8d57acfc8a29">
      <Output>
        <StdOut>[runtime] 2026-09-19 12:05:59 [verbose]: \ud83d\udca8 Class: TestSceneSliderAndSpinner&#xD;
[runtime] 2026-09-19 12:05:59 [verbose]: \ud83d\udd36 Test:  TestSliderIgnoredEntirelyIsAMiss&#xD;
[runtime] 2026-09-19 12:05:59 [verbose]: \ud83d\udd38 Step #1 create playfield&#xD;
[runtime] 2026-09-19 12:05:59 [verbose]: \ud83d\udd38 Step #2 add slider&#xD;
[runtime] 2026-09-19 12:05:59 [verbose]: \ud83d\udd38 Step #3 loaded&#xD;
[runtime] 2026-09-19 12:05:59 [verbose]: \ud83d\udd38 Step #4 never touch it&#xD;
[runtime] 2026-09-19 12:05:59 [verbose]: \ud83d\udd38 Step #5 slider judged a Miss&#xD;
[runtime] 2026-09-19 12:05:59 [verbose]: ✅ TestSceneSliderAndSpinner completed</StdOut>
      </Output>
    </UnitTestResult>
    <UnitTestResult executionId="a7b2ebba-25b7-4ffd-869b-2867558c7bff" testId="77d0a2e8-d3f4-2be5-9aae-2adc2be93b7a" testName="RunFailsOnceHealthEmpties" computerName="LAPTOP-741RB0M6" duration="00:00:00.0001530" startTime="2026-09-19T18:05:46.9563334+06:00" endTime="2026-09-19T18:05:46.9564862+06:00" testType="13cdc9d9-ddb5-4fa4-a97d-d965ccfc6d4b" outcome="Passed" testListId="8c84fa94-04c1-424b-9868-57a2d4851a1d" relativeResultsDirectory="a7b2ebba-25b7-4ffd-869b-2867558c7bff" />
    <UnitTestResult executionId="c1b853b5-1990-471c-b319-b2ff210de593" testId="d61cd997-da52-b6f3-3f35-fa077c5cc6a6" testName="EveryDifficultyInTheArchiveIsDecoded" computerName="LAPTOP-741RB0M6" duration="00:00:00.0019710" startTime="2026-09-19T18:05:46.8623111+06:00" endTime="2026-09-19T18:05:46.8642815+06:00" testType="13cdc9d9-ddb5-4fa4-a97d-d965ccfc6d4b" outcome="Passed" testListId="8c84fa94-04c1-424b-9868-57a2d4851a1d" relativeResultsDirectory="c1b853b5-1990-471c-b319-b2ff210de593" />
    <UnitTestResult executionId="8f741522-26d2-433f-ab16-31c7218f96cc" testId="afcbc071-d5d5-449e-9d84-2702a4364a1d" testName="OnlyAudioTheBackendReadsIsAccepted(&quot;song.mp3&quot;,True)" computerName="LAPTOP-741RB0M6" duration="00:00:00.0061529" startTime="2026-09-19T18:05:46.6018066+06:00" endTime="2026-09-19T18:05:46.6079592+06:00" testType="13cdc9d9-ddb5-4fa4-a97d-d965ccfc6d4b" outcome="Passed" testListId="8c84fa94-04c1-424b-9868-57a2d4851a1d" relativeResultsDirectory="8f741522-26d2-433f-ab16-31c7218f96cc" />
    <UnitTestResult executionId="ff7efde8-7cbe-4210-a956-ef0d378c2e99" testId="f5eef88d-49c6-70ce-8ec3-c7171c32c04f" testName="TestExtensionsAreDotPrefixedEitherWay" computerName="LAPTOP-741RB0M6" duration="00:00:00.0099890" startTime="2026-09-19T18:05:46.9666456+06:00" endTime="2026-09-19T18:05:46.9766306+06:00" testType="13cdc9d9-ddb5-4fa4-a97d-d965ccfc6d4b" outcome="Passed" testListId="8c84fa94-04c1-424b-9868-57a2d4851a1d" relativeResultsDirectory="ff7efde8-7cbe-4210-a956-ef0d378c2e99" />
    <UnitTestResult executionId="035520bb-ccef-4148-b709-aad826af7783" testId="4827bbe1-e518-277f-b542-423a5cc9422b" testName="JudgeReturnsOkJustOutsideGreatWindow" computerName="LAPTOP-741RB0M6" duration="00:00:00.0000460" startTime="2026-09-19T18:05:46.9581558+06:00" endTime="2026-09-19T18:05:46.9582018+06:00" testType="13cdc9d9-ddb5-4fa4-a97d-d965ccfc6d4b" outcome="Passed" testListId="8c84fa94-04c1-424b-9868-57a2d4851a1d" relativeResultsDirectory="035520bb-ccef-4148-b709-aad826af7783" />
    <UnitTestResult executionId="4ffe51bb-19d0-4a80-bdc2-f488112f4bfd" testId="e684f0bf-23f7-da04-2a82-f458ee470110" testName="TestConstructor" computerName="LAPTOP-741RB0M6" duration="00:00:00.0309200" startTime="2026-09-19T18:05:58.2856324+06:00" endTime="2026-09-19T18:05:58.3165519+06:00" testType="13cdc9d9-ddb5-4fa4-a97d-d965ccfc6d4b" outcome="Passed" testListId="8c84fa94-04c1-424b-9868-57a2d4851a1d" relativeResultsDirectory="4ffe51bb-19d0-4a80-bdc2-f488112f4bfd">
      <Output>
        <StdOut>[performance] 2026-09-19 12:05:58 [verbose]: TextureAtlas initialised (1024x1024)&#xD;
[runtime] 2026-09-19 12:05:58 [verbose]: \ud83d\udca8 Class: TestSceneRetroText&#xD;
[runtime] 2026-09-19 12:05:58 [verbose]: \ud83d\udd36 Test:  TestConstructor&#xD;
[runtime] 2026-09-19 12:05:58 [verbose]: ✅ TestSceneRetroText completed</StdOut>
      </Output>
    </UnitTestResult>
    <UnitTestResult executionId="3e80bb04-678e-4768-9b66-67b871df78ee" testId="f0d7c5df-dac2-9963-c6e3-c19528b5c9b6" testName="EmptyDirectoryYieldsAnEmptyList" computerName="LAPTOP-741RB0M6" duration="00:00:00.0011260" startTime="2026-09-19T18:05:46.7088448+06:00" endTime="2026-09-19T18:05:46.7099705+06:00" testType="13cdc9d9-ddb5-4fa4-a97d-d965ccfc6d4b" outcome="Passed" testListId="8c84fa94-04c1-424b-9868-57a2d4851a1d" relativeResultsDirectory="3e80bb04-678e-4768-9b66-67b871df78ee" />
    <UnitTestResult executionId="6070cbde-39ad-4cc9-9172-6afda81c9c66" testId="10bd647b-b9db-417b-48e4-2a785205cf2d" testName="LocatesInterpreterAndScriptInACompleteCheckout" computerName="LAPTOP-741RB0M6" duration="00:00:00.0050460" startTime="2026-09-19T18:05:46.5629198+06:00" endTime="2026-09-19T18:05:46.5679649+06:00" testType="13cdc9d9-ddb5-4fa4-a97d-d965ccfc6d4b" outcome="Passed" testListId="8c84fa94-04c1-424b-9868-57a2d4851a1d" relativeResultsDirectory="6070cbde-39ad-4cc9-9172-6afda81c9c66" />
    <UnitTestResult executionId="a271e370-8282-4709-a320-d97513a0d77d" testId="40f1d274-f2b9-1f3b-4325-90eed278d5b8" testName="GeneralSectionIsDecoded" computerName="LAPTOP-741RB0M6" duration="00:00:00.0075570" startTime="2026-09-19T18:05:46.6678488+06:00" endTime="2026-09-19T18:05:46.6754044+06:00" testType="13cdc9d9-ddb5-4fa4-a97d-d965ccfc6d4b" outcome="Passed" testListId="8c84fa94-04c1-424b-9868-57a2d4851a1d" relativeResultsDirectory="a271e370-8282-4709-a320-d97513a0d77d" />
    <UnitTestResult executionId="70ba24d6-65dd-4784-9ef1-b93c16df8f9c" testId="c0c1eb31-0775-829b-607b-512aa3360622" testName="TestPressingSpaceSkipsTheGap" computerName="LAPTOP-741RB0M6" duration="00:00:00.1242400" startTime="2026-09-19T18:05:50.4450554+06:00" endTime="2026-09-19T18:05:50.5692947+06:00" testType="13cdc9d9-ddb5-4fa4-a97d-d965ccfc6d4b" outcome="Passed" testListId="8c84fa94-04c1-424b-9868-57a2d4851a1d" relativeResultsDirectory="70ba24d6-65dd-4784-9ef1-b93c16df8f9c">
      <Output>
        <StdOut>[runtime] 2026-09-19 12:05:50 [verbose]: \ud83d\udca8 Class: TestSceneBreakOverlays&#xD;
[runtime] 2026-09-19 12:05:50 [verbose]: \ud83d\udd36 Test:  TestPressingSpaceSkipsTheGap&#xD;
[runtime] 2026-09-19 12:05:50 [verbose]: \ud83d\udd38 Step #1 push gameplay&#xD;
[runtime] 2026-09-19 12:05:50 [verbose]: \ud83d\udcfa ScreenStack#614(depth:1) loading PlayerScreen#339&#xD;
[runtime] 2026-09-19 12:05:50 [verbose]: \ud83d\udcfa ScreenStack#614(depth:1) entered PlayerScreen#339&#xD;
[runtime] 2026-09-19 12:05:50 [verbose]: \ud83d\udd38 Step #2 gameplay loaded&#xD;
[runtime] 2026-09-19 12:05:50 [verbose]: \ud83d\udd38 Step #3 skip overlay shown&#xD;
[runtime] 2026-09-19 12:05:50 [verbose]: ✔️ 5 repetitions&#xD;
[runtime] 2026-09-19 12:05:50 [verbose]: \ud83d\udd38 Step #4 press space&#xD;
[runtime] 2026-09-19 12:05:50 [verbose]: \ud83d\udd38 Step #5 time jumped to just before the object's approach&#xD;
[runtime] 2026-09-19 12:05:50 [verbose]: \ud83d\udd38 Step #6 skip overlay is gone&#xD;
[runtime] 2026-09-19 12:05:50 [verbose]: \ud83d\udd38 Step #7 gameplay still completes&#xD;
[runtime] 2026-09-19 12:05:50 [verbose]: ✔️ 4 repetitions&#xD;
[runtime] 2026-09-19 12:05:50 [verbose]: \ud83d\udd38 Step #8 the skipped-to circle was judged&#xD;
[runtime] 2026-09-19 12:05:50 [verbose]: ✅ TestSceneBreakOverlays completed</StdOut>
      </Output>
    </UnitTestResult>
    <UnitTestResult executionId="63b28cc9-7358-4c7a-9760-8e54f8699d46" testId="67c7f04c-cf63-ec58-c400-aad8302d6dfb" testName="SegmentAtOneIsTheWholePath" computerName="LAPTOP-741RB0M6" duration="00:00:00.0001580" startTime="2026-09-19T18:05:46.9459657+06:00" endTime="2026-09-19T18:05:46.9461241+06:00" testType="13cdc9d9-ddb5-4fa4-a97d-d965ccfc6d4b" outcome="Passed" testListId="8c84fa94-04c1-424b-9868-57a2d4851a1d" relativeResultsDirectory="63b28cc9-7358-4c7a-9760-8e54f8699d46" />
    <UnitTestResult executionId="4cf636c7-4acf-425b-9ff7-c92fe5fdcf29" testId="a447f0cc-fa18-3d98-8f83-23638075055e" testName="FallsBackToVenvWhenDotVenvIsAbsent" computerName="LAPTOP-741RB0M6" duration="00:00:00.0067780" startTime="2026-09-19T18:05:46.5561211+06:00" endTime="2026-09-19T18:05:46.5628985+06:00" testType="13cdc9d9-ddb5-4fa4-a97d-d965ccfc6d4b" outcome="Passed" testListId="8c84fa94-04c1-424b-9868-57a2d4851a1d" relativeResultsDirectory="4cf636c7-4acf-425b-9ff7-c92fe5fdcf29" />
    <UnitTestResult executionId="9fff2985-4b44-404a-8fd1-ca1254c2c50e" testId="e1335199-be98-2568-b10f-2f922d472ab5" testName="RepeatSliderDurationCountsEverySlide" computerName="LAPTOP-741RB0M6" duration="00:00:00.0004070" startTime="2026-09-19T18:05:46.6834587+06:00" endTime="2026-09-19T18:05:46.6838657+06:00" testType="13cdc9d9-ddb5-4fa4-a97d-d965ccfc6d4b" outcome="Passed" testListId="8c84fa94-04c1-424b-9868-57a2d4851a1d" relativeResultsDirectory="9fff2985-4b44-404a-8fd1-ca1254c2c50e" />
    <UnitTestResult executionId="f62f662f-7498-416c-b56e-61e64455e927" testId="6501faca-24bb-b278-fa1a-3898a2fc589e" testName="OrderingIsDeterministic" computerName="LAPTOP-741RB0M6" duration="00:00:00.0093519" startTime="2026-09-19T18:05:46.7624473+06:00" endTime="2026-09-19T18:05:46.7717987+06:00" testType="13cdc9d9-ddb5-4fa4-a97d-d965ccfc6d4b" outcome="Passed" testListId="8c84fa94-04c1-424b-9868-57a2d4851a1d" relativeResultsDirectory="f62f662f-7498-416c-b56e-61e64455e927" />
    <UnitTestResult executionId="01624834-b87d-4798-bc71-1e2c19d700e1" testId="9bc808b0-102b-b213-bd7d-beae90151e50" testName="EasesTowardTheAudioForSmallDrift" computerName="LAPTOP-741RB0M6" duration="00:00:00.0002440" startTime="2026-09-19T18:05:46.9544399+06:00" endTime="2026-09-19T18:05:46.9546832+06:00" testType="13cdc9d9-ddb5-4fa4-a97d-d965ccfc6d4b" outcome="Passed" testListId="8c84fa94-04c1-424b-9868-57a2d4851a1d" relativeResultsDirectory="01624834-b87d-4798-bc71-1e2c19d700e1" />
    <UnitTestResult executionId="61c9d039-7ace-4f4c-b76f-5adf94e6abc0" testId="3cc1c578-d8c8-43e6-78ea-f633dfcfb1d0" testName="IntensityAtPeaksOnTheBeatAndBottomsOutHalfway" computerName="LAPTOP-741RB0M6" duration="00:00:00.0000660" startTime="2026-09-19T18:05:46.9474003+06:00" endTime="2026-09-19T18:05:46.9474660+06:00" testType="13cdc9d9-ddb5-4fa4-a97d-d965ccfc6d4b" outcome="Passed" testListId="8c84fa94-04c1-424b-9868-57a2d4851a1d" relativeResultsDirectory="61c9d039-7ace-4f4c-b76f-5adf94e6abc0" />
    <UnitTestResult executionId="2c7846d8-e4a1-4341-90f0-2ddd91e055ff" testId="cd3fd846-c95d-ae0a-d4cc-81b9c164ebff" testName="PhaseAtMatchesExpectedPointInTheBeat(1250,0.5d)" computerName="LAPTOP-741RB0M6" duration="00:00:00.0003250" startTime="2026-09-19T18:05:46.9478575+06:00" endTime="2026-09-19T18:05:46.9481824+06:00" testType="13cdc9d9-ddb5-4fa4-a97d-d965ccfc6d4b" outcome="Passed" testListId="8c84fa94-04c1-424b-9868-57a2d4851a1d" relativeResultsDirectory="2c7846d8-e4a1-4341-90f0-2ddd91e055ff" />
    <UnitTestResult executionId="141f443b-aec8-4884-b979-0b7e569056ab" testId="332ee617-9ef0-caa9-5af4-522d055dd016" testName="TestPartialExtraRotationAwardsNoBonusYet" computerName="LAPTOP-741RB0M6" duration="00:00:00.0423290" startTime="2026-09-19T18:05:58.9260937+06:00" endTime="2026-09-19T18:05:58.9684226+06:00" testType="13cdc9d9-ddb5-4fa4-a97d-d965ccfc6d4b" outcome="Passed" testListId="8c84fa94-04c1-424b-9868-57a2d4851a1d" relativeResultsDirectory="141f443b-aec8-4884-b979-0b7e569056ab">
      <Output>
        <StdOut>[runtime] 2026-09-19 12:05:58 [verbose]: \ud83d\udca8 Class: TestSceneSliderAndSpinner&#xD;
[runtime] 2026-09-19 12:05:58 [verbose]: \ud83d\udd36 Test:  TestPartialExtraRotationAwardsNoBonusYet&#xD;
[runtime] 2026-09-19 12:05:58 [verbose]: \ud83d\udd38 Step #1 create playfield&#xD;
[runtime] 2026-09-19 12:05:58 [verbose]: \ud83d\udd38 Step #2 add spinner&#xD;
[runtime] 2026-09-19 12:05:58 [verbose]: \ud83d\udd38 Step #3 loaded&#xD;
[runtime] 2026-09-19 12:05:58 [verbose]: \ud83d\udd38 Step #4 spin most, but not all, of an extra rotation&#xD;
[runtime] 2026-09-19 12:05:58 [verbose]: \ud83d\udd38 Step #5 no bonus until the rotation is actually completed&#xD;
[runtime] 2026-09-19 12:05:58 [verbose]: ✅ TestSceneSliderAndSpinner completed</StdOut>
      </Output>
    </UnitTestResult>
    <UnitTestResult executionId="6a4fd468-9079-40a9-a8d5-83510330e89c" testId="43083a2b-15b8-ce97-2f59-37bcec5984ef" testName="TestAnEmptyAnalysisIsNotWorthAnimating" computerName="LAPTOP-741RB0M6" duration="00:00:00.0020699" startTime="2026-09-19T18:05:46.5217751+06:00" endTime="2026-09-19T18:05:46.5238448+06:00" testType="13cdc9d9-ddb5-4fa4-a97d-d965ccfc6d4b" outcome="Passed" testListId="8c84fa94-04c1-424b-9868-57a2d4851a1d" relativeResultsDirectory="6a4fd468-9079-40a9-a8d5-83510330e89c" />
    <UnitTestResult executionId="35b07479-47a5-4b64-bb41-95d8a0398464" testId="8481d8de-b171-b133-fa97-ef6f4e9043bf" testName="UnrecognisedNamesSortAfterEveryKnownTier" computerName="LAPTOP-741RB0M6" duration="00:00:00.0003810" startTime="2026-09-19T18:05:46.8042073+06:00" endTime="2026-09-19T18:05:46.8045884+06:00" testType="13cdc9d9-ddb5-4fa4-a97d-d965ccfc6d4b" outcome="Passed" testListId="8c84fa94-04c1-424b-9868-57a2d4851a1d" relativeResultsDirectory="35b07479-47a5-4b64-bb41-95d8a0398464" />
    <UnitTestResult executionId="00e1c6d5-0278-45eb-a939-90c7cb64d714" testId="77d9a166-808f-24c5-c16d-473008173889" testName="NonNumericFieldIsRejected" computerName="LAPTOP-741RB0M6" duration="00:00:00.0002460" startTime="2026-09-19T18:05:46.6817342+06:00" endTime="2026-09-19T18:05:46.6819803+06:00" testType="13cdc9d9-ddb5-4fa4-a97d-d965ccfc6d4b" outcome="Passed" testListId="8c84fa94-04c1-424b-9868-57a2d4851a1d" relativeResultsDirectory="00e1c6d5-0278-45eb-a939-90c7cb64d714" />
    <UnitTestResult executionId="7dd53eba-6478-4d7f-8fec-8977410acb7b" testId="bc9e93f3-cc8c-3c45-864a-89ba8271c51c" testName="TestSpectrogramWipesInOverTime" computerName="LAPTOP-741RB0M6" duration="00:00:00.0630180" startTime="2026-09-19T18:05:54.1766229+06:00" endTime="2026-09-19T18:05:54.2396407+06:00" testType="13cdc9d9-ddb5-4fa4-a97d-d965ccfc6d4b" outcome="Passed" testListId="8c84fa94-04c1-424b-9868-57a2d4851a1d" relativeResultsDirectory="7dd53eba-6478-4d7f-8fec-8977410acb7b">
      <Output>
        <StdOut>[runtime] 2026-09-19 12:05:54 [verbose]: \ud83d\udca8 Class: TestSceneDspVisualization&#xD;
[runtime] 2026-09-19 12:05:54 [verbose]: \ud83d\udd36 Test:  TestSpectrogramWipesInOverTime&#xD;
[runtime] 2026-09-19 12:05:54 [verbose]: \ud83d\udd38 Step #1 add spectrogram&#xD;
[runtime] 2026-09-19 12:05:54 [verbose]: \ud83d\udd38 Step #2 loaded&#xD;
[runtime] 2026-09-19 12:05:54 [verbose]: \ud83d\udd38 Step #3 starts hidden&#xD;
[runtime] 2026-09-19 12:05:54 [verbose]: \ud83d\udd38 Step #4 reveal&#xD;
[runtime] 2026-09-19 12:05:54 [verbose]: \ud83d\udd38 Step #5 wipes in&#xD;
[runtime] 2026-09-19 12:05:54 [verbose]: ✔️ 2 repetitions&#xD;
[runtime] 2026-09-19 12:05:54 [verbose]: \ud83d\udd38 Step #6 finishes&#xD;
[runtime] 2026-09-19 12:05:54 [verbose]: ✔️ 2 repetitions&#xD;
[runtime] 2026-09-19 12:05:54 [verbose]: ✅ TestSceneDspVisualization completed</StdOut>
      </Output>
    </UnitTestResult>
    <UnitTestResult executionId="d737da37-eff6-4738-a758-75e884967829" testId="637f491e-477d-90f0-62fe-14ed99da17b8" testName="TestSlowMovementStillBuildsATail" computerName="LAPTOP-741RB0M6" duration="00:00:00.1064180" startTime="2026-09-19T18:05:52.4256727+06:00" endTime="2026-09-19T18:05:52.5320903+06:00" testType="13cdc9d9-ddb5-4fa4-a97d-d965ccfc6d4b" outcome="Passed" testListId="8c84fa94-04c1-424b-9868-57a2d4851a1d" relativeResultsDirectory="d737da37-eff6-4738-a758-75e884967829">
      <Output>
        <StdOut>[runtime] 2026-09-19 12:05:52 [verbose]: \ud83d\udca8 Class: TestSceneCursorTrail&#xD;
[runtime] 2026-09-19 12:05:52 [verbose]: \ud83d\udd36 Test:  TestSlowMovementStillBuildsATail&#xD;
[runtime] 2026-09-19 12:05:52 [verbose]: \ud83d\udd38 Step #1 create trail&#xD;
[runtime] 2026-09-19 12:05:52 [verbose]: \ud83d\udd38 Step #2 loaded&#xD;
[runtime] 2026-09-19 12:05:52 [verbose]: \ud83d\udd38 Step #3 clock to 0ms&#xD;
[runtime] 2026-09-19 12:05:52 [verbose]: \ud83d\udd38 Step #4 move to (0,0)&#xD;
[runtime] 2026-09-19 12:05:52 [verbose]: \ud83d\udd38 Step #5 move to (1,0)&#xD;
[runtime] 2026-09-19 12:05:52 [verbose]: \ud83d\udd38 Step #6 move to (2,0)&#xD;
[runtime] 2026-09-19 12:05:52 [verbose]: \ud83d\udd38 Step #7 move to (3,0)&#xD;
[runtime] 2026-09-19 12:05:52 [verbose]: \ud83d\udd38 Step #8 move to (4,0)&#xD;
[runtime] 2026-09-19 12:05:52 [verbose]: \ud83d\udd38 Step #9 move to (5,0)&#xD;
[runtime] 2026-09-19 12:05:52 [verbose]: \ud83d\udd38 Step #10 move to (6,0)&#xD;
[runtime] 2026-09-19 12:05:52 [verbose]: \ud83d\udd38 Step #11 move to (7,0)&#xD;
[runtime] 2026-09-19 12:05:52 [verbose]: \ud83d\udd38 Step #12 move to (8,0)&#xD;
[runtime] 2026-09-19 12:05:52 [verbose]: \ud83d\udd38 Step #13 move to (9,0)&#xD;
[runtime] 2026-09-19 12:05:52 [verbose]: \ud83d\udd38 Step #14 move to (10,0)&#xD;
[runtime] 2026-09-19 12:05:52 [verbose]: \ud83d\udd38 Step #15 samples were laid down&#xD;
[runtime] 2026-09-19 12:05:52 [verbose]: ✅ TestSceneCursorTrail completed</StdOut>
      </Output>
    </UnitTestResult>
    <UnitTestResult executionId="902080c6-f5d9-4c2a-876f-a68cbe760675" testId="d104d0d8-3bee-f711-1e82-680123365334" testName="SpinnerCarriesItsEndTimeDirectly" computerName="LAPTOP-741RB0M6" duration="00:00:00.0002610" startTime="2026-09-19T18:05:46.6866276+06:00" endTime="2026-09-19T18:05:46.6868882+06:00" testType="13cdc9d9-ddb5-4fa4-a97d-d965ccfc6d4b" outcome="Passed" testListId="8c84fa94-04c1-424b-9868-57a2d4851a1d" relativeResultsDirectory="902080c6-f5d9-4c2a-876f-a68cbe760675" />
    <UnitTestResult executionId="f89bbb77-d3de-4d01-a599-5f94a953882d" testId="f4e50372-54bd-1f58-ea84-a2706b4b6197" testName="EmptyQueryMatchesEverything" computerName="LAPTOP-741RB0M6" duration="00:00:00.0009660" startTime="2026-09-19T18:05:46.6892087+06:00" endTime="2026-09-19T18:05:46.6901743+06:00" testType="13cdc9d9-ddb5-4fa4-a97d-d965ccfc6d4b" outcome="Passed" testListId="8c84fa94-04c1-424b-9868-57a2d4851a1d" relativeResultsDirectory="f89bbb77-d3de-4d01-a599-5f94a953882d" />
    <UnitTestResult executionId="41b4c23c-283b-4c27-af6f-5a4ccd2914bd" testId="92767d08-c041-011f-de6e-693e9794b9c1" testName="TestExactThresholdBoundariesMatchStatedRanges" computerName="LAPTOP-741RB0M6" duration="00:00:00.0533720" startTime="2026-09-19T18:05:55.8266366+06:00" endTime="2026-09-19T18:05:55.8800084+06:00" testType="13cdc9d9-ddb5-4fa4-a97d-d965ccfc6d4b" outcome="Passed" testListId="8c84fa94-04c1-424b-9868-57a2d4851a1d" relativeResultsDirectory="41b4c23c-283b-4c27-af6f-5a4ccd2914bd">
      <Output>
        <StdOut>[runtime] 2026-09-19 12:05:55 [verbose]: \ud83d\udca8 Class: TestSceneHealthBar&#xD;
[runtime] 2026-09-19 12:05:55 [verbose]: \ud83d\udd36 Test:  TestExactThresholdBoundariesMatchStatedRanges&#xD;
[runtime] 2026-09-19 12:05:55 [verbose]: \ud83d\udd38 Step #1 create health bar&#xD;
[runtime] 2026-09-19 12:05:55 [verbose]: \ud83d\udd38 Step #2 loaded&#xD;
[runtime] 2026-09-19 12:05:55 [verbose]: \ud83d\udd38 Step #3 exactly two-thirds&#xD;
[runtime] 2026-09-19 12:05:55 [verbose]: \ud83d\udd38 Step #4 yellow at the boundary, not green&#xD;
[runtime] 2026-09-19 12:05:55 [verbose]: \ud83d\udd38 Step #5 exactly one-third&#xD;
[runtime] 2026-09-19 12:05:55 [verbose]: \ud83d\udd38 Step #6 yellow at the boundary, not red&#xD;
[runtime] 2026-09-19 12:05:55 [verbose]: ✅ TestSceneHealthBar completed</StdOut>
      </Output>
    </UnitTestResult>
    <UnitTestResult executionId="ae86434c-e2a3-4c47-948b-630a861563d7" testId="07cab5ec-c80b-097c-8650-3b7f41d8fe19" testName="CrlfLineEndingsAreHandled" computerName="LAPTOP-741RB0M6" duration="00:00:00.0003080" startTime="2026-09-19T18:05:46.6627022+06:00" endTime="2026-09-19T18:05:46.6630104+06:00" testType="13cdc9d9-ddb5-4fa4-a97d-d965ccfc6d4b" outcome="Passed" testListId="8c84fa94-04c1-424b-9868-57a2d4851a1d" relativeResultsDirectory="ae86434c-e2a3-4c47-948b-630a861563d7" />
    <UnitTestResult executionId="504d6cd3-2f34-48ec-84b8-986fb637240f" testId="b283e615-93a6-b9f0-5b6a-6a9a6051cc84" testName="TestPressAwayFromCircleIsIgnored" computerName="LAPTOP-741RB0M6" duration="00:00:00.0320550" startTime="2026-09-19T18:05:53.0607175+06:00" endTime="2026-09-19T18:05:53.0927720+06:00" testType="13cdc9d9-ddb5-4fa4-a97d-d965ccfc6d4b" outcome="Passed" testListId="8c84fa94-04c1-424b-9868-57a2d4851a1d" relativeResultsDirectory="504d6cd3-2f34-48ec-84b8-986fb637240f">
      <Output>
        <StdOut>[runtime] 2026-09-19 12:05:53 [verbose]: \ud83d\udca8 Class: TestSceneDrawableHitCircle&#xD;
[runtime] 2026-09-19 12:05:53 [verbose]: \ud83d\udd36 Test:  TestPressAwayFromCircleIsIgnored&#xD;
[runtime] 2026-09-19 12:05:53 [verbose]: \ud83d\udd38 Step #1 create circle&#xD;
[runtime] 2026-09-19 12:05:53 [verbose]: \ud83d\udd38 Step #2 circle loaded&#xD;
[runtime] 2026-09-19 12:05:53 [verbose]: \ud83d\udd38 Step #3 press is not consumed&#xD;
[runtime] 2026-09-19 12:05:53 [verbose]: \ud83d\udd38 Step #4 nothing was judged&#xD;
[runtime] 2026-09-19 12:05:53 [verbose]: ✅ TestSceneDrawableHitCircle completed</StdOut>
      </Output>
    </UnitTestResult>
    <UnitTestResult executionId="cc96e84b-dc34-4f7b-be07-e5c6ba6f0bf4" testId="714f73b9-0205-7f01-c0aa-1717de6f9fc0" testName="AMissKeepsTheGradeOffS" computerName="LAPTOP-741RB0M6" duration="00:00:00.0012500" startTime="2026-09-19T18:05:46.9622106+06:00" endTime="2026-09-19T18:05:46.9634609+06:00" testType="13cdc9d9-ddb5-4fa4-a97d-d965ccfc6d4b" outcome="Passed" testListId="8c84fa94-04c1-424b-9868-57a2d4851a1d" relativeResultsDirectory="cc96e84b-dc34-4f7b-be07-e5c6ba6f0bf4" />
    <UnitTestResult executionId="5379862e-f617-4de8-bfc5-977f556d6c82" testId="62346eb8-6ae4-4147-6c97-61f9a59328ce" testName="PlayableEnvelopeIsZeroWhenTheMapHasNoPlayableSpan" computerName="LAPTOP-741RB0M6" duration="00:00:00.0000500" startTime="2026-09-19T18:05:46.9486697+06:00" endTime="2026-09-19T18:05:46.9487192+06:00" testType="13cdc9d9-ddb5-4fa4-a97d-d965ccfc6d4b" outcome="Passed" testListId="8c84fa94-04c1-424b-9868-57a2d4851a1d" relativeResultsDirectory="5379862e-f617-4de8-bfc5-977f556d6c82" />
    <UnitTestResult executionId="e7e1e426-b923-4e0d-a9bd-21bc645b148c" testId="512163cd-e27d-e0ab-63e9-5731d5ee5323" testName="ScoreValueMatchesJudgement(Great,300)" computerName="LAPTOP-741RB0M6" duration="00:00:00.0001200" startTime="2026-09-19T18:05:46.9601264+06:00" endTime="2026-09-19T18:05:46.9602462+06:00" testType="13cdc9d9-ddb5-4fa4-a97d-d965ccfc6d4b" outcome="Passed" testListId="8c84fa94-04c1-424b-9868-57a2d4851a1d" relativeResultsDirectory="e7e1e426-b923-4e0d-a9bd-21bc645b148c" />
    <UnitTestResult executionId="22057b11-9340-4723-928a-09c314bf4ce8" testId="fedeb688-c1e9-be43-ce5b-9ffffce5596f" testName="TestApproachCircleClosesAtAConstantRate" computerName="LAPTOP-741RB0M6" duration="00:00:00.0959940" startTime="2026-09-19T18:05:52.9332038+06:00" endTime="2026-09-19T18:05:53.0291970+06:00" testType="13cdc9d9-ddb5-4fa4-a97d-d965ccfc6d4b" outcome="Passed" testListId="8c84fa94-04c1-424b-9868-57a2d4851a1d" relativeResultsDirectory="22057b11-9340-4723-928a-09c314bf4ce8">
      <Output>
        <StdOut>[runtime] 2026-09-19 12:05:52 [verbose]: \ud83d\udca8 Class: TestSceneDrawableHitCircle&#xD;
[runtime] 2026-09-19 12:05:52 [verbose]: \ud83d\udd36 Test:  TestApproachCircleClosesAtAConstantRate&#xD;
[runtime] 2026-09-19 12:05:52 [verbose]: \ud83d\udd38 Step #1 create circle&#xD;
[runtime] 2026-09-19 12:05:52 [verbose]: \ud83d\udd38 Step #2 circle loaded&#xD;
[runtime] 2026-09-19 12:05:52 [verbose]: \ud83d\udd38 Step #3 gameplay time 400&#xD;
[runtime] 2026-09-19 12:05:52 [verbose]: \ud83d\udd38 Step #4 approach ring at 4.00x&#xD;
[runtime] 2026-09-19 12:05:52 [verbose]: \ud83d\udd38 Step #5 gameplay time 550&#xD;
[runtime] 2026-09-19 12:05:52 [verbose]: \ud83d\udd38 Step #6 approach ring at 3.25x&#xD;
[runtime] 2026-09-19 12:05:52 [verbose]: \ud83d\udd38 Step #7 gameplay time 700&#xD;
[runtime] 2026-09-19 12:05:52 [verbose]: \ud83d\udd38 Step #8 approach ring at 2.50x&#xD;
[runtime] 2026-09-19 12:05:53 [verbose]: \ud83d\udd38 Step #9 gameplay time 850&#xD;
[runtime] 2026-09-19 12:05:53 [verbose]: \ud83d\udd38 Step #10 approach ring at 1.75x&#xD;
[runtime] 2026-09-19 12:05:53 [verbose]: \ud83d\udd38 Step #11 gameplay time 1000&#xD;
[runtime] 2026-09-19 12:05:53 [verbose]: \ud83d\udd38 Step #12 approach ring at 1.00x&#xD;
[runtime] 2026-09-19 12:05:53 [verbose]: ✅ TestSceneDrawableHitCircle completed</StdOut>
      </Output>
    </UnitTestResult>
    <UnitTestResult executionId="9f6bc80b-a579-4add-8b93-a780b6b30541" testId="6919855e-286d-bdcf-be39-e671a0b49bee" testName="NewComboAndColourSkipBitsAreParsed(5,True,0)" computerName="LAPTOP-741RB0M6" duration="00:00:00.0003140" startTime="2026-09-19T18:05:46.6798294+06:00" endTime="2026-09-19T18:05:46.6801432+06:00" testType="13cdc9d9-ddb5-4fa4-a97d-d965ccfc6d4b" outcome="Passed" testListId="8c84fa94-04c1-424b-9868-57a2d4851a1d" relativeResultsDirectory="9f6bc80b-a579-4add-8b93-a780b6b30541" />
    <UnitTestResult executionId="d5dd82dd-2847-4abf-b3ad-8ca1eaba0881" testId="5dc4ef6d-9860-ede2-e93a-634269c70b73" testName="CircleRadiusMatchesTheBackendFormula" computerName="LAPTOP-741RB0M6" duration="00:00:00.0001920" startTime="2026-09-19T18:05:46.6624932+06:00" endTime="2026-09-19T18:05:46.6626854+06:00" testType="13cdc9d9-ddb5-4fa4-a97d-d965ccfc6d4b" outcome="Passed" testListId="8c84fa94-04c1-424b-9868-57a2d4851a1d" relativeResultsDirectory="d5dd82dd-2847-4abf-b3ad-8ca1eaba0881" />
    <UnitTestResult executionId="fb67c08e-96cb-489f-a6af-e3812d02f5eb" testId="265c57d5-15e9-3186-e965-c2cb63c4030d" testName="HealthCannotExceedFull" computerName="LAPTOP-741RB0M6" duration="00:00:00.0000820" startTime="2026-09-19T18:05:46.9557323+06:00" endTime="2026-09-19T18:05:46.9558141+06:00" testType="13cdc9d9-ddb5-4fa4-a97d-d965ccfc6d4b" outcome="Passed" testListId="8c84fa94-04c1-424b-9868-57a2d4851a1d" relativeResultsDirectory="fb67c08e-96cb-489f-a6af-e3812d02f5eb" />
    <UnitTestResult executionId="080fe990-d8df-4f16-8e16-a2148128fefc" testId="6954e47f-c7de-4eb6-3842-99f920586aad" testName="HigherDrainRateDrainsFaster" computerName="LAPTOP-741RB0M6" duration="00:00:00.0000780" startTime="2026-09-19T18:05:46.9558315+06:00" endTime="2026-09-19T18:05:46.9559090+06:00" testType="13cdc9d9-ddb5-4fa4-a97d-d965ccfc6d4b" outcome="Passed" testListId="8c84fa94-04c1-424b-9868-57a2d4851a1d" relativeResultsDirectory="080fe990-d8df-4f16-8e16-a2148128fefc" />
    <UnitTestResult executionId="cf2576c9-f435-4122-8dae-6f22b0982dbe" testId="c7f11ef2-de9e-f1a8-4101-ceb8f9c73444" testName="ExtractedBeatmapFolderLoadsDirectly" computerName="LAPTOP-741RB0M6" duration="00:00:00.0090440" startTime="2026-09-19T18:05:46.8643038+06:00" endTime="2026-09-19T18:05:46.8733475+06:00" testType="13cdc9d9-ddb5-4fa4-a97d-d965ccfc6d4b" outcome="Passed" testListId="8c84fa94-04c1-424b-9868-57a2d4851a1d" relativeResultsDirectory="cf2576c9-f435-4122-8dae-6f22b0982dbe" />
    <UnitTestResult executionId="cac7890c-d952-4639-a76b-6b4aded49f65" testId="0ab60c62-69a1-6c69-93a1-4e61f04f7f36" testName="TestHitKeysDoNothingWhilePaused" computerName="LAPTOP-741RB0M6" duration="00:00:00.1371140" startTime="2026-09-19T18:05:54.9230352+06:00" endTime="2026-09-19T18:05:55.0601492+06:00" testType="13cdc9d9-ddb5-4fa4-a97d-d965ccfc6d4b" outcome="Passed" testListId="8c84fa94-04c1-424b-9868-57a2d4851a1d" relativeResultsDirectory="cac7890c-d952-4639-a76b-6b4aded49f65">
      <Output>
        <StdOut>[runtime] 2026-09-19 12:05:54 [verbose]: \ud83d\udca8 Class: TestSceneGameplayInput&#xD;
[runtime] 2026-09-19 12:05:54 [verbose]: \ud83d\udd36 Test:  TestHitKeysDoNothingWhilePaused&#xD;
[runtime] 2026-09-19 12:05:54 [verbose]: \ud83d\udd38 Step #1 push gameplay&#xD;
[runtime] 2026-09-19 12:05:54 [verbose]: \ud83d\udcfa ScreenStack#605(depth:1) loading PlayerScreen#601&#xD;
[runtime] 2026-09-19 12:05:54 [verbose]: \ud83d\udcfa ScreenStack#605(depth:1) entered PlayerScreen#601&#xD;
[runtime] 2026-09-19 12:05:54 [verbose]: \ud83d\udd38 Step #2 gameplay loaded&#xD;
[runtime] 2026-09-19 12:05:54 [verbose]: \ud83d\udd38 Step #3 put cursor on the circle&#xD;
[runtime] 2026-09-19 12:05:54 [verbose]: \ud83d\udd38 Step #4 pause as the circle becomes hittable&#xD;
[runtime] 2026-09-19 12:05:55 [verbose]: ✔️ 9 repetitions&#xD;
[runtime] 2026-09-19 12:05:55 [verbose]: \ud83d\udd38 Step #5 release escape&#xD;
[runtime] 2026-09-19 12:05:55 [verbose]: \ud83d\udd38 Step #6 gameplay is paused&#xD;
[runtime] 2026-09-19 12:05:55 [verbose]: \ud83d\udd38 Step #7 press Z&#xD;
[runtime] 2026-09-19 12:05:55 [verbose]: \ud83d\udd38 Step #8 the circle was not judged&#xD;
[runtime] 2026-09-19 12:05:55 [verbose]: ✅ TestSceneGameplayInput completed</StdOut>
      </Output>
    </UnitTestResult>
    <UnitTestResult executionId="cd502f1a-7e95-4472-8a35-98c324335d97" testId="967e2eb2-1321-b83b-2133-bdc58c3ea588" testName="TierLookupIsCaseInsensitiveAndRejectsUnknowns" computerName="LAPTOP-741RB0M6" duration="00:00:00.0007770" startTime="2026-09-19T18:05:46.8034157+06:00" endTime="2026-09-19T18:05:46.8041925+06:00" testType="13cdc9d9-ddb5-4fa4-a97d-d965ccfc6d4b" outcome="Passed" testListId="8c84fa94-04c1-424b-9868-57a2d4851a1d" relativeResultsDirectory="cd502f1a-7e95-4472-8a35-98c324335d97" />
    <UnitTestResult executionId="b919b02a-db31-4da9-9b04-9bbc54596c9e" testId="728bb3fa-9869-b299-0098-2863c416a4ce" testName="BpmIsDerivedFromBeatLength" computerName="LAPTOP-741RB0M6" duration="00:00:00.0005780" startTime="2026-09-19T18:05:46.6607920+06:00" endTime="2026-09-19T18:05:46.6613696+06:00" testType="13cdc9d9-ddb5-4fa4-a97d-d965ccfc6d4b" outcome="Passed" testListId="8c84fa94-04c1-424b-9868-57a2d4851a1d" relativeResultsDirectory="b919b02a-db31-4da9-9b04-9bbc54596c9e" />
    <UnitTestResult executionId="4f4a5a24-0b69-41f0-a6a3-e1e5f416c319" testId="3e9d5053-3cc9-0483-f734-f87013a10c90" testName="MetadataFlagsAreOmittedWhenBlank" computerName="LAPTOP-741RB0M6" duration="00:00:00.0044209" startTime="2026-09-19T18:05:46.5881148+06:00" endTime="2026-09-19T18:05:46.5925356+06:00" testType="13cdc9d9-ddb5-4fa4-a97d-d965ccfc6d4b" outcome="Passed" testListId="8c84fa94-04c1-424b-9868-57a2d4851a1d" relativeResultsDirectory="4f4a5a24-0b69-41f0-a6a3-e1e5f416c319" />
    <UnitTestResult executionId="8bdbfc75-7bb0-4a26-b56e-346628134006" testId="1dd310fb-f1ba-f4a4-13e1-093d8deffd8a" testName="StartsFullAndUnfailed" computerName="LAPTOP-741RB0M6" duration="00:00:00.0001110" startTime="2026-09-19T18:05:46.9566704+06:00" endTime="2026-09-19T18:05:46.9567818+06:00" testType="13cdc9d9-ddb5-4fa4-a97d-d965ccfc6d4b" outcome="Passed" testListId="8c84fa94-04c1-424b-9868-57a2d4851a1d" relativeResultsDirectory="8bdbfc75-7bb0-4a26-b56e-346628134006" />
    <UnitTestResult executionId="45cf4266-00be-41e0-bcaa-9adf68debb98" testId="fae4a7fb-2bf8-20dd-37fb-15fb09a1a76a" testName="CleanRunIsPromotedOverOneWithMisses" computerName="LAPTOP-741RB0M6" duration="00:00:00.0002060" startTime="2026-09-19T18:05:46.9646575+06:00" endTime="2026-09-19T18:05:46.9648636+06:00" testType="13cdc9d9-ddb5-4fa4-a97d-d965ccfc6d4b" outcome="Passed" testListId="8c84fa94-04c1-424b-9868-57a2d4851a1d" relativeResultsDirectory="45cf4266-00be-41e0-bcaa-9adf68debb98" />
    <UnitTestResult executionId="732401f2-7501-4cc3-a7fd-29e55ad9140f" testId="03572c71-6644-6f35-e317-f98adbed86e5" testName="ParsingUnrelatedOutputFindsNothingRatherThanGuessing" computerName="LAPTOP-741RB0M6" duration="00:00:00.0042860" startTime="2026-09-19T18:05:46.6334672+06:00" endTime="2026-09-19T18:05:46.6377528+06:00" testType="13cdc9d9-ddb5-4fa4-a97d-d965ccfc6d4b" outcome="Passed" testListId="8c84fa94-04c1-424b-9868-57a2d4851a1d" relativeResultsDirectory="732401f2-7501-4cc3-a7fd-29e55ad9140f" />
    <UnitTestResult executionId="58376fc7-967b-47a6-8c6d-1c35e6a27bcc" testId="11602a67-0d66-97d3-e3dc-50334935eea8" testName="TestParsesEveryStageTheRevealAnimates" computerName="LAPTOP-741RB0M6" duration="00:00:00.0014600" startTime="2026-09-19T18:05:46.5388919+06:00" endTime="2026-09-19T18:05:46.5403516+06:00" testType="13cdc9d9-ddb5-4fa4-a97d-d965ccfc6d4b" outcome="Passed" testListId="8c84fa94-04c1-424b-9868-57a2d4851a1d" relativeResultsDirectory="58376fc7-967b-47a6-8c6d-1c35e6a27bcc" />
    <UnitTestResult executionId="52b69730-d727-4a49-88bd-cc6042fb7d67" testId="15f7494f-d601-e790-81ed-0923a4bfed69" testName="TestOnsetSparksSkipToFull" computerName="LAPTOP-741RB0M6" duration="00:00:00.0426750" startTime="2026-09-19T18:05:54.0813590+06:00" endTime="2026-09-19T18:05:54.1240341+06:00" testType="13cdc9d9-ddb5-4fa4-a97d-d965ccfc6d4b" outcome="Passed" testListId="8c84fa94-04c1-424b-9868-57a2d4851a1d" relativeResultsDirectory="52b69730-d727-4a49-88bd-cc6042fb7d67">
      <Output>
        <StdOut>[runtime] 2026-09-19 12:05:54 [verbose]: \ud83d\udca8 Class: TestSceneDspVisualization&#xD;
[runtime] 2026-09-19 12:05:54 [verbose]: \ud83d\udd36 Test:  TestOnsetSparksSkipToFull&#xD;
[runtime] 2026-09-19 12:05:54 [verbose]: \ud83d\udd38 Step #1 add spark layer&#xD;
[runtime] 2026-09-19 12:05:54 [verbose]: \ud83d\udd38 Step #2 loaded&#xD;
[runtime] 2026-09-19 12:05:54 [verbose]: \ud83d\udd38 Step #3 sweep slowly&#xD;
[runtime] 2026-09-19 12:05:54 [verbose]: \ud83d\udd38 Step #4 skip&#xD;
[runtime] 2026-09-19 12:05:54 [verbose]: \ud83d\udd38 Step #5 every spark placed&#xD;
[runtime] 2026-09-19 12:05:54 [verbose]: ✅ TestSceneDspVisualization completed</StdOut>
      </Output>
    </UnitTestResult>
    <UnitTestResult executionId="e32f53a3-fd92-485d-8954-1deaab75b01e" testId="aaabc511-6766-c017-5856-bb9e74c4df7d" testName="FadeInDecreasesAsApproachRateIncreases" computerName="LAPTOP-741RB0M6" duration="00:00:00.0001620" startTime="2026-09-19T18:05:46.9568542+06:00" endTime="2026-09-19T18:05:46.9570161+06:00" testType="13cdc9d9-ddb5-4fa4-a97d-d965ccfc6d4b" outcome="Passed" testListId="8c84fa94-04c1-424b-9868-57a2d4851a1d" relativeResultsDirectory="e32f53a3-fd92-485d-8954-1deaab75b01e" />
    <UnitTestResult executionId="7273f759-effb-4367-92df-b8547e05795a" testId="d1329027-20e8-ae01-4d66-21baefeacb8e" testName="TestEmptyTextClearsTheTexture" computerName="LAPTOP-741RB0M6" duration="00:00:00.0522390" startTime="2026-09-19T18:05:58.3781226+06:00" endTime="2026-09-19T18:05:58.4303609+06:00" testType="13cdc9d9-ddb5-4fa4-a97d-d965ccfc6d4b" outcome="Passed" testListId="8c84fa94-04c1-424b-9868-57a2d4851a1d" relativeResultsDirectory="7273f759-effb-4367-92df-b8547e05795a">
      <Output>
        <StdOut>[runtime] 2026-09-19 12:05:58 [verbose]: \ud83d\udca8 Class: TestSceneRetroText&#xD;
[runtime] 2026-09-19 12:05:58 [verbose]: \ud83d\udd36 Test:  TestEmptyTextClearsTheTexture&#xD;
[runtime] 2026-09-19 12:05:58 [verbose]: \ud83d\udd38 Step #1 add text&#xD;
[runtime] 2026-09-19 12:05:58 [verbose]: \ud83d\udd38 Step #2 loaded&#xD;
[runtime] 2026-09-19 12:05:58 [verbose]: \ud83d\udd38 Step #3 has a texture&#xD;
[runtime] 2026-09-19 12:05:58 [verbose]: \ud83d\udd38 Step #4 clear it&#xD;
[runtime] 2026-09-19 12:05:58 [verbose]: \ud83d\udd38 Step #5 texture is gone&#xD;
[runtime] 2026-09-19 12:05:58 [verbose]: \ud83d\udd38 Step #6 size collapsed&#xD;
[runtime] 2026-09-19 12:05:58 [verbose]: ✅ TestSceneRetroText completed</StdOut>
      </Output>
    </UnitTestResult>
    <UnitTestResult executionId="70da47be-c74d-4da1-b622-874fa68a032a" testId="ef01327b-d5b7-2532-bb2e-ff1e7ed6dabb" testName="TestBelowOneThirdIsRed" computerName="LAPTOP-741RB0M6" duration="00:00:00.0324570" startTime="2026-09-19T18:05:55.7188354+06:00" endTime="2026-09-19T18:05:55.7512924+06:00" testType="13cdc9d9-ddb5-4fa4-a97d-d965ccfc6d4b" outcome="Passed" testListId="8c84fa94-04c1-424b-9868-57a2d4851a1d" relativeResultsDirectory="70da47be-c74d-4da1-b622-874fa68a032a">
      <Output>
        <StdOut>[runtime] 2026-09-19 12:05:55 [verbose]: \ud83d\udca8 Class: TestSceneHealthBar&#xD;
[runtime] 2026-09-19 12:05:55 [verbose]: \ud83d\udd36 Test:  TestBelowOneThirdIsRed&#xD;
[runtime] 2026-09-19 12:05:55 [verbose]: \ud83d\udd38 Step #1 create health bar&#xD;
[runtime] 2026-09-19 12:05:55 [verbose]: \ud83d\udd38 Step #2 loaded&#xD;
[runtime] 2026-09-19 12:05:55 [verbose]: \ud83d\udd38 Step #3 20% health&#xD;
[runtime] 2026-09-19 12:05:55 [verbose]: \ud83d\udd38 Step #4 red&#xD;
[runtime] 2026-09-19 12:05:55 [verbose]: ✅ TestSceneHealthBar completed</StdOut>
      </Output>
    </UnitTestResult>
    <UnitTestResult executionId="67498ebf-e6a5-45e9-bb9d-fdfbd3668602" testId="64cc2297-6ef5-e340-05c9-afdd8c4c5bb0" testName="HasAudioIsFalseWhenTheDeclaredTrackIsMissing" computerName="LAPTOP-741RB0M6" duration="00:00:00.0020140" startTime="2026-09-19T18:05:46.8750229+06:00" endTime="2026-09-19T18:05:46.8770365+06:00" testType="13cdc9d9-ddb5-4fa4-a97d-d965ccfc6d4b" outcome="Passed" testListId="8c84fa94-04c1-424b-9868-57a2d4851a1d" relativeResultsDirectory="67498ebf-e6a5-45e9-bb9d-fdfbd3668602" />
    <UnitTestResult executionId="1d8b7208-725a-46d9-bc0b-fa1221acab14" testId="459d0941-6631-09ab-ff27-1a66b2bcd691" testName="FolderWithNoOsuFilesIsRejected" computerName="LAPTOP-741RB0M6" duration="00:00:00.0016090" startTime="2026-09-19T18:05:46.8733896+06:00" endTime="2026-09-19T18:05:46.8749980+06:00" testType="13cdc9d9-ddb5-4fa4-a97d-d965ccfc6d4b" outcome="Passed" testListId="8c84fa94-04c1-424b-9868-57a2d4851a1d" relativeResultsDirectory="1d8b7208-725a-46d9-bc0b-fa1221acab14" />
    <UnitTestResult executionId="cad9e585-63cb-4cd8-b10f-8924620a31b3" testId="ccdaa92c-0e22-86af-3229-04d7e5eb69d6" testName="TestEveryGradeBuilds" computerName="LAPTOP-741RB0M6" duration="00:00:00.1705120" startTime="2026-09-19T18:05:57.8713404+06:00" endTime="2026-09-19T18:05:58.0418519+06:00" testType="13cdc9d9-ddb5-4fa4-a97d-d965ccfc6d4b" outcome="Passed" testListId="8c84fa94-04c1-424b-9868-57a2d4851a1d" relativeResultsDirectory="cad9e585-63cb-4cd8-b10f-8924620a31b3">
      <Output>
        <StdOut>[runtime] 2026-09-19 12:05:57 [verbose]: \ud83d\udca8 Class: TestSceneResultsScreen&#xD;
[runtime] 2026-09-19 12:05:57 [verbose]: \ud83d\udd36 Test:  TestEveryGradeBuilds&#xD;
[runtime] 2026-09-19 12:05:57 [verbose]: \ud83d\udd38 Step #1 push results&#xD;
[runtime] 2026-09-19 12:05:57 [verbose]: \ud83d\udcfa ScreenStack#572(depth:1) loading ResultsScreen#564&#xD;
[runtime] 2026-09-19 12:05:57 [verbose]: \ud83d\udcfa ScreenStack#572(depth:1) entered ResultsScreen#564&#xD;
[runtime] 2026-09-19 12:05:57 [verbose]: \ud83d\udd38 Step #2 results loaded&#xD;
[runtime] 2026-09-19 12:05:57 [verbose]: \ud83d\udd38 Step #3 D builds&#xD;
[runtime] 2026-09-19 12:05:57 [verbose]: \ud83d\udd38 Step #4 push results&#xD;
[runtime] 2026-09-19 12:05:57 [verbose]: \ud83d\udcfa ScreenStack#153(depth:1) loading ResultsScreen#436&#xD;
[runtime] 2026-09-19 12:05:57 [verbose]: \ud83d\udcfa ScreenStack#153(depth:1) entered ResultsScreen#436&#xD;
[runtime] 2026-09-19 12:05:57 [verbose]: \ud83d\udd38 Step #5 results loaded&#xD;
[runtime] 2026-09-19 12:05:57 [verbose]: \ud83d\udd38 Step #6 C builds&#xD;
[runtime] 2026-09-19 12:05:57 [verbose]: \ud83d\udd38 Step #7 push results&#xD;
[runtime] 2026-09-19 12:05:57 [verbose]: \ud83d\udcfa ScreenStack#167(depth:1) loading ResultsScreen#423&#xD;
[runtime] 2026-09-19 12:05:57 [verbose]: \ud83d\udcfa ScreenStack#167(depth:1) entered ResultsScreen#423&#xD;
[runtime] 2026-09-19 12:05:57 [verbose]: \ud83d\udd38 Step #8 results loaded&#xD;
[runtime] 2026-09-19 12:05:57 [verbose]: \ud83d\udd38 Step #9 B builds&#xD;
[runtime] 2026-09-19 12:05:57 [verbose]: \ud83d\udd38 Step #10 push results&#xD;
[runtime] 2026-09-19 12:05:57 [verbose]: \ud83d\udcfa ScreenStack#550(depth:1) loading ResultsScreen#619&#xD;
[runtime] 2026-09-19 12:05:57 [verbose]: \ud83d\udcfa ScreenStack#550(depth:1) entered ResultsScreen#619&#xD;
[runtime] 2026-09-19 12:05:57 [verbose]: \ud83d\udd38 Step #11 results loaded&#xD;
[runtime] 2026-09-19 12:05:57 [verbose]: \ud83d\udd38 Step #12 A builds&#xD;
[runtime] 2026-09-19 12:05:57 [verbose]: \ud83d\udd38 Step #13 push results&#xD;
[runtime] 2026-09-19 12:05:57 [verbose]: \ud83d\udcfa ScreenStack#106(depth:1) loading ResultsScreen#164&#xD;
[runtime] 2026-09-19 12:05:57 [verbose]: \ud83d\udcfa ScreenStack#106(depth:1) entered ResultsScreen#164&#xD;
[runtime] 2026-09-19 12:05:57 [verbose]: \ud83d\udd38 Step #14 results loaded&#xD;
[runtime] 2026-09-19 12:05:58 [verbose]: \ud83d\udd38 Step #15 S builds&#xD;
[runtime] 2026-09-19 12:05:58 [verbose]: \ud83d\udd38 Step #16 push results&#xD;
[runtime] 2026-09-19 12:05:58 [verbose]: \ud83d\udcfa ScreenStack#492(depth:1) loading ResultsScreen#501&#xD;
[runtime] 2026-09-19 12:05:58 [verbose]: \ud83d\udcfa ScreenStack#492(depth:1) entered ResultsScreen#501&#xD;
[runtime] 2026-09-19 12:05:58 [verbose]: \ud83d\udd38 Step #17 results loaded&#xD;
[runtime] 2026-09-19 12:05:58 [verbose]: \ud83d\udd38 Step #18 SS builds&#xD;
[runtime] 2026-09-19 12:05:58 [verbose]: ✅ TestSceneResultsScreen completed</StdOut>
      </Output>
    </UnitTestResult>
    <UnitTestResult executionId="fc1b18bc-b33b-4663-a34c-edb8a67d95fb" testId="c2dff908-d7a9-652b-3a25-01b3349cb6b7" testName="ArchiveWithNoOsuFilesIsRejected" computerName="LAPTOP-741RB0M6" duration="00:00:00.0031620" startTime="2026-09-19T18:05:46.8047939+06:00" endTime="2026-09-19T18:05:46.8079558+06:00" testType="13cdc9d9-ddb5-4fa4-a97d-d965ccfc6d4b" outcome="Passed" testListId="8c84fa94-04c1-424b-9868-57a2d4851a1d" relativeResultsDirectory="fc1b18bc-b33b-4663-a34c-edb8a67d95fb" />
    <UnitTestResult executionId="2923bbc9-d6b8-4269-b24f-d33a537958f9" testId="80232889-6ac2-1fa7-4ac4-3ffe5fbe7442" testName="CircleIsDecoded" computerName="LAPTOP-741RB0M6" duration="00:00:00.0010900" startTime="2026-09-19T18:05:46.6613817+06:00" endTime="2026-09-19T18:05:46.6624714+06:00" testType="13cdc9d9-ddb5-4fa4-a97d-d965ccfc6d4b" outcome="Passed" testListId="8c84fa94-04c1-424b-9868-57a2d4851a1d" relativeResultsDirectory="2923bbc9-d6b8-4269-b24f-d33a537958f9" />
    <UnitTestResult executionId="ff693797-80e2-417c-b205-3d01960f230c" testId="fbf5a9b5-8ac5-291a-4ac4-4b6c5711dd6f" testName="MissResetsComboButKeepsMaxCombo" computerName="LAPTOP-741RB0M6" duration="00:00:00.0000790" startTime="2026-09-19T18:05:46.9649576+06:00" endTime="2026-09-19T18:05:46.9650368+06:00" testType="13cdc9d9-ddb5-4fa4-a97d-d965ccfc6d4b" outcome="Passed" testListId="8c84fa94-04c1-424b-9868-57a2d4851a1d" relativeResultsDirectory="ff693797-80e2-417c-b205-3d01960f230c" />
    <UnitTestResult executionId="6db9d2b5-cb7f-4e4c-973d-ff64504a6cb8" testId="ca1a6536-4908-80ef-fcd5-a73478cb7867" testName="TestScaleIsAtItsLargestExactlyOnTheBeat" computerName="LAPTOP-741RB0M6" duration="00:00:00.0318910" startTime="2026-09-19T18:05:48.5826928+06:00" endTime="2026-09-19T18:05:48.6145830+06:00" testType="13cdc9d9-ddb5-4fa4-a97d-d965ccfc6d4b" outcome="Passed" testListId="8c84fa94-04c1-424b-9868-57a2d4851a1d" relativeResultsDirectory="6db9d2b5-cb7f-4e4c-973d-ff64504a6cb8">
      <Output>
        <StdOut>[runtime] 2026-09-19 12:05:48 [verbose]: \ud83d\udca8 Class: TestSceneBeatPulseBackground&#xD;
[runtime] 2026-09-19 12:05:48 [verbose]: \ud83d\udd36 Test:  TestScaleIsAtItsLargestExactlyOnTheBeat&#xD;
[runtime] 2026-09-19 12:05:48 [verbose]: \ud83d\udd38 Step #1 create background&#xD;
[runtime] 2026-09-19 12:05:48 [verbose]: \ud83d\udd38 Step #2 loaded&#xD;
[runtime] 2026-09-19 12:05:48 [verbose]: \ud83d\udd38 Step #3 set time to a beat&#xD;
[runtime] 2026-09-19 12:05:48 [verbose]: \ud83d\udd38 Step #4 scaled up noticeably from resting size&#xD;
[runtime] 2026-09-19 12:05:48 [verbose]: ✅ TestSceneBeatPulseBackground completed</StdOut>
      </Output>
    </UnitTestResult>
    <UnitTestResult executionId="12540c59-30ca-4ae8-8f8e-397c4817bc78" testId="89fe568f-0681-7adf-f5b5-4067396e0bda" testName="TestAssemblySkipsToComplete" computerName="LAPTOP-741RB0M6" duration="00:00:00.0859729" startTime="2026-09-19T18:05:53.7357909+06:00" endTime="2026-09-19T18:05:53.8217631+06:00" testType="13cdc9d9-ddb5-4fa4-a97d-d965ccfc6d4b" outcome="Passed" testListId="8c84fa94-04c1-424b-9868-57a2d4851a1d" relativeResultsDirectory="12540c59-30ca-4ae8-8f8e-397c4817bc78">
      <Output>
        <StdOut>[runtime] 2026-09-19 12:05:53 [verbose]: \ud83d\udca8 Class: TestSceneDspVisualization&#xD;
[runtime] 2026-09-19 12:05:53 [verbose]: \ud83d\udd36 Test:  TestAssemblySkipsToComplete&#xD;
[runtime] 2026-09-19 12:05:53 [verbose]: \ud83d\udd38 Step #1 add preview&#xD;
[runtime] 2026-09-19 12:05:53 [verbose]: \ud83d\udd38 Step #2 loaded&#xD;
[runtime] 2026-09-19 12:05:53 [verbose]: \ud83d\udd38 Step #3 assemble slowly&#xD;
[runtime] 2026-09-19 12:05:53 [verbose]: \ud83d\udd38 Step #4 skip&#xD;
[runtime] 2026-09-19 12:05:53 [verbose]: \ud83d\udd38 Step #5 complete&#xD;
[runtime] 2026-09-19 12:05:53 [verbose]: ✅ TestSceneDspVisualization completed</StdOut>
      </Output>
    </UnitTestResult>
    <UnitTestResult executionId="cf859727-380c-444f-b8d7-ff84ff357085" testId="247e8285-7e68-9785-238d-5f1fbc733a96" testName="EveryTermHasToMatch" computerName="LAPTOP-741RB0M6" duration="00:00:00.0004760" startTime="2026-09-19T18:05:46.6901963+06:00" endTime="2026-09-19T18:05:46.6906716+06:00" testType="13cdc9d9-ddb5-4fa4-a97d-d965ccfc6d4b" outcome="Passed" testListId="8c84fa94-04c1-424b-9868-57a2d4851a1d" relativeResultsDirectory="cf859727-380c-444f-b8d7-ff84ff357085" />
    <UnitTestResult executionId="bddd301c-b582-4a4e-b742-4846e1dcd8fa" testId="c9121d2d-3426-ce9f-b8fe-cff50e57d67f" testName="TestOneFullExtraRotationAwardsOneBonus" computerName="LAPTOP-741RB0M6" duration="00:00:00.0529390" startTime="2026-09-19T18:05:58.8730827+06:00" endTime="2026-09-19T18:05:58.9260214+06:00" testType="13cdc9d9-ddb5-4fa4-a97d-d965ccfc6d4b" outcome="Passed" testListId="8c84fa94-04c1-424b-9868-57a2d4851a1d" relativeResultsDirectory="bddd301c-b582-4a4e-b742-4846e1dcd8fa">
      <Output>
        <StdOut>[runtime] 2026-09-19 12:05:58 [verbose]: \ud83d\udca8 Class: TestSceneSliderAndSpinner&#xD;
[runtime] 2026-09-19 12:05:58 [verbose]: \ud83d\udd36 Test:  TestOneFullExtraRotationAwardsOneBonus&#xD;
[runtime] 2026-09-19 12:05:58 [verbose]: \ud83d\udd38 Step #1 create playfield&#xD;
[runtime] 2026-09-19 12:05:58 [verbose]: \ud83d\udd38 Step #2 add spinner&#xD;
[runtime] 2026-09-19 12:05:58 [verbose]: \ud83d\udd38 Step #3 loaded&#xD;
[runtime] 2026-09-19 12:05:58 [verbose]: \ud83d\udd38 Step #4 spin past the requirement by one full rotation&#xD;
[runtime] 2026-09-19 12:05:58 [verbose]: \ud83d\udd38 Step #5 one bonus spin recorded&#xD;
[runtime] 2026-09-19 12:05:58 [verbose]: \ud83d\udd38 Step #6 exactly one bonus event fired&#xD;
[runtime] 2026-09-19 12:05:58 [verbose]: ✅ TestSceneSliderAndSpinner completed</StdOut>
      </Output>
    </UnitTestResult>
    <UnitTestResult executionId="2af0bf62-0f23-4365-82a5-6d6c583f2b26" testId="85d9899c-3074-699a-da52-87194269b2e5" testName="TestZeroComboWithNoPriorRunDoesNotFlash" computerName="LAPTOP-741RB0M6" duration="00:00:00.0422640" startTime="2026-09-19T18:05:52.0500719+06:00" endTime="2026-09-19T18:05:52.0923354+06:00" testType="13cdc9d9-ddb5-4fa4-a97d-d965ccfc6d4b" outcome="Passed" testListId="8c84fa94-04c1-424b-9868-57a2d4851a1d" relativeResultsDirectory="2af0bf62-0f23-4365-82a5-6d6c583f2b26">
      <Output>
        <StdOut>[runtime] 2026-09-19 12:05:52 [verbose]: \ud83d\udca8 Class: TestSceneComboCounter&#xD;
[runtime] 2026-09-19 12:05:52 [verbose]: \ud83d\udd36 Test:  TestZeroComboWithNoPriorRunDoesNotFlash&#xD;
[runtime] 2026-09-19 12:05:52 [verbose]: \ud83d\udd38 Step #1 create counter&#xD;
[runtime] 2026-09-19 12:05:52 [verbose]: \ud83d\udd38 Step #2 loaded&#xD;
[runtime] 2026-09-19 12:05:52 [verbose]: \ud83d\udd38 Step #3 clock to 0ms&#xD;
[runtime] 2026-09-19 12:05:52 [verbose]: \ud83d\udd38 Step #4 combo stays at 0&#xD;
[runtime] 2026-09-19 12:05:52 [verbose]: \ud83d\udd38 Step #5 stays white, no break animation&#xD;
[runtime] 2026-09-19 12:05:52 [verbose]: ✅ TestSceneComboCounter completed</StdOut>
      </Output>
    </UnitTestResult>
    <UnitTestResult executionId="0484744b-ffd3-4e8e-a495-52573c8eb47c" testId="3098a7ce-6c44-44e6-5452-64e1d624f340" testName="NoMatchesYieldsEmptyRatherThanEverything" computerName="LAPTOP-741RB0M6" duration="00:00:00.0000590" startTime="2026-09-19T18:05:46.6910802+06:00" endTime="2026-09-19T18:05:46.6911392+06:00" testType="13cdc9d9-ddb5-4fa4-a97d-d965ccfc6d4b" outcome="Passed" testListId="8c84fa94-04c1-424b-9868-57a2d4851a1d" relativeResultsDirectory="0484744b-ffd3-4e8e-a495-52573c8eb47c" />
    <UnitTestResult executionId="86ce6eb1-16fe-443c-80f9-e3bf47f55cc8" testId="76e41ce4-960b-5a51-d330-6a781f7c3e44" testName="TestBeatGridSkipsToTheFinalNumbers" computerName="LAPTOP-741RB0M6" duration="00:00:00.0637570" startTime="2026-09-19T18:05:53.9391044+06:00" endTime="2026-09-19T18:05:54.0028615+06:00" testType="13cdc9d9-ddb5-4fa4-a97d-d965ccfc6d4b" outcome="Passed" testListId="8c84fa94-04c1-424b-9868-57a2d4851a1d" relativeResultsDirectory="86ce6eb1-16fe-443c-80f9-e3bf47f55cc8">
      <Output>
        <StdOut>[runtime] 2026-09-19 12:05:53 [verbose]: \ud83d\udca8 Class: TestSceneDspVisualization&#xD;
[runtime] 2026-09-19 12:05:53 [verbose]: \ud83d\udd36 Test:  TestBeatGridSkipsToTheFinalNumbers&#xD;
[runtime] 2026-09-19 12:05:53 [verbose]: \ud83d\udd38 Step #1 add beat grid&#xD;
[runtime] 2026-09-19 12:05:53 [verbose]: \ud83d\udd38 Step #2 loaded&#xD;
[runtime] 2026-09-19 12:05:53 [verbose]: \ud83d\udd38 Step #3 sweep slowly&#xD;
[runtime] 2026-09-19 12:05:53 [verbose]: \ud83d\udd38 Step #4 skip&#xD;
[runtime] 2026-09-19 12:05:53 [verbose]: \ud83d\udd38 Step #5 shows the real bpm&#xD;
[runtime] 2026-09-19 12:05:53 [verbose]: \ud83d\udd38 Step #6 whole grid drawn&#xD;
[runtime] 2026-09-19 12:05:53 [verbose]: ✅ TestSceneDspVisualization completed</StdOut>
      </Output>
    </UnitTestResult>
    <UnitTestResult executionId="f309e019-dbf9-40e1-bf4d-d81b3ff9348b" testId="3aff8a37-b375-0048-81f3-9737cfb87149" testName="TestBothFontsRenderNonEmptyTextures" computerName="LAPTOP-741RB0M6" duration="00:00:00.0614720" startTime="2026-09-19T18:05:58.3166156+06:00" endTime="2026-09-19T18:05:58.3780874+06:00" testType="13cdc9d9-ddb5-4fa4-a97d-d965ccfc6d4b" outcome="Passed" testListId="8c84fa94-04c1-424b-9868-57a2d4851a1d" relativeResultsDirectory="f309e019-dbf9-40e1-bf4d-d81b3ff9348b">
      <Output>
        <StdOut>[runtime] 2026-09-19 12:05:58 [verbose]: \ud83d\udca8 Class: TestSceneRetroText&#xD;
[runtime] 2026-09-19 12:05:58 [verbose]: \ud83d\udd36 Test:  TestBothFontsRenderNonEmptyTextures&#xD;
[runtime] 2026-09-19 12:05:58 [verbose]: \ud83d\udd38 Step #1 add both fonts&#xD;
[runtime] 2026-09-19 12:05:58 [verbose]: \ud83d\udd38 Step #2 both loaded&#xD;
[runtime] 2026-09-19 12:05:58 [verbose]: \ud83d\udd38 Step #3 display font has a real texture&#xD;
[runtime] 2026-09-19 12:05:58 [verbose]: \ud83d\udd38 Step #4 body font has a real texture&#xD;
[runtime] 2026-09-19 12:05:58 [verbose]: \ud83d\udd38 Step #5 the two fonts produced different-looking output&#xD;
[runtime] 2026-09-19 12:05:58 [verbose]: ✅ TestSceneRetroText completed</StdOut>
      </Output>
    </UnitTestResult>
    <UnitTestResult executionId="99db3605-9ac3-437d-ad03-2ba1601f9663" testId="1bc8c51f-aed4-ca19-97e1-fdfdecfe782b" testName="SliderTicksNudgeHealthEitherWay" computerName="LAPTOP-741RB0M6" duration="00:00:00.0001750" startTime="2026-09-19T18:05:46.9564909+06:00" endTime="2026-09-19T18:05:46.9566656+06:00" testType="13cdc9d9-ddb5-4fa4-a97d-d965ccfc6d4b" outcome="Passed" testListId="8c84fa94-04c1-424b-9868-57a2d4851a1d" relativeResultsDirectory="99db3605-9ac3-437d-ad03-2ba1601f9663" />
    <UnitTestResult executionId="d5f85952-9494-4bf1-9ca0-d0372e076be0" testId="86bdfc59-c5e6-b87d-6672-86b406a257c5" testName="TestGameplayLoopCompletesWithoutInput" computerName="LAPTOP-741RB0M6" duration="00:00:00.1364950" startTime="2026-09-19T18:05:56.7075410+06:00" endTime="2026-09-19T18:05:56.8440357+06:00" testType="13cdc9d9-ddb5-4fa4-a97d-d965ccfc6d4b" outcome="Passed" testListId="8c84fa94-04c1-424b-9868-57a2d4851a1d" relativeResultsDirectory="d5f85952-9494-4bf1-9ca0-d0372e076be0">
      <Output>
        <StdOut>[runtime] 2026-09-19 12:05:56 [verbose]: \ud83d\udca8 Class: TestScenePlayerScreen&#xD;
[runtime] 2026-09-19 12:05:56 [verbose]: \ud83d\udd36 Test:  TestGameplayLoopCompletesWithoutInput&#xD;
[runtime] 2026-09-19 12:05:56 [verbose]: \ud83d\udd38 Step #1 create screen stack&#xD;
[runtime] 2026-09-19 12:05:56 [verbose]: \ud83d\udd38 Step #2 push player screen&#xD;
[runtime] 2026-09-19 12:05:56 [verbose]: \ud83d\udcfa ScreenStack#575(depth:1) loading PlayerScreen#451&#xD;
[runtime] 2026-09-19 12:05:56 [verbose]: \ud83d\udcfa ScreenStack#575(depth:1) entered PlayerScreen#451&#xD;
[runtime] 2026-09-19 12:05:56 [verbose]: \ud83d\udd38 Step #3 player screen loaded&#xD;
[runtime] 2026-09-19 12:05:56 [verbose]: \ud83d\udd38 Step #4 gameplay completes&#xD;
[runtime] 2026-09-19 12:05:56 [verbose]: ✔️ 15 repetitions&#xD;
[runtime] 2026-09-19 12:05:56 [verbose]: \ud83d\udd38 Step #5 circle, slider and spinner each judged a miss (no input was simulated)&#xD;
[runtime] 2026-09-19 12:05:56 [verbose]: \ud83d\udd38 Step #6 the run was not failed&#xD;
[runtime] 2026-09-19 12:05:56 [verbose]: ✅ TestScenePlayerScreen completed</StdOut>
      </Output>
    </UnitTestResult>
    <UnitTestResult executionId="84e313e2-2e02-4c64-a988-09b1f1495145" testId="212f68ba-4b84-09e7-414c-537dac72be3c" testName="DefaultDirectoryPointsAtDataOutputWhenRunningInsideTheRepository" computerName="LAPTOP-741RB0M6" duration="00:00:00.0015100" startTime="2026-09-19T18:05:46.7073026+06:00" endTime="2026-09-19T18:05:46.7088126+06:00" testType="13cdc9d9-ddb5-4fa4-a97d-d965ccfc6d4b" outcome="Passed" testListId="8c84fa94-04c1-424b-9868-57a2d4851a1d" relativeResultsDirectory="84e313e2-2e02-4c64-a988-09b1f1495145" />
    <UnitTestResult executionId="9f2d1449-a58a-4562-9f86-a9cd13cf753c" testId="362bac49-a79b-359e-cfa2-9ed7a15dd908" testName="TestSettleNeverOvershootsPastNormalSize" computerName="LAPTOP-741RB0M6" duration="00:00:00.1677310" startTime="2026-09-19T18:05:51.8823126+06:00" endTime="2026-09-19T18:05:52.0500425+06:00" testType="13cdc9d9-ddb5-4fa4-a97d-d965ccfc6d4b" outcome="Passed" testListId="8c84fa94-04c1-424b-9868-57a2d4851a1d" relativeResultsDirectory="9f2d1449-a58a-4562-9f86-a9cd13cf753c">
      <Output>
        <StdOut>[runtime] 2026-09-19 12:05:51 [verbose]: \ud83d\udca8 Class: TestSceneComboCounter&#xD;
[runtime] 2026-09-19 12:05:51 [verbose]: \ud83d\udd36 Test:  TestSettleNeverOvershootsPastNormalSize&#xD;
[runtime] 2026-09-19 12:05:51 [verbose]: \ud83d\udd38 Step #1 create counter&#xD;
[runtime] 2026-09-19 12:05:51 [verbose]: \ud83d\udd38 Step #2 loaded&#xD;
[runtime] 2026-09-19 12:05:51 [verbose]: \ud83d\udd38 Step #3 clock to 0ms&#xD;
[runtime] 2026-09-19 12:05:51 [verbose]: \ud83d\udd38 Step #4 combo to 1&#xD;
[runtime] 2026-09-19 12:05:51 [verbose]: \ud83d\udd38 Step #5 clock to 0ms&#xD;
[runtime] 2026-09-19 12:05:51 [verbose]: \ud83d\udd38 Step #6 scale &gt;= 1 at 0ms&#xD;
[runtime] 2026-09-19 12:05:51 [verbose]: \ud83d\udd38 Step #7 clock to 40ms&#xD;
[runtime] 2026-09-19 12:05:51 [verbose]: \ud83d\udd38 Step #8 scale &gt;= 1 at 40ms&#xD;
[runtime] 2026-09-19 12:05:51 [verbose]: \ud83d\udd38 Step #9 clock to 80ms&#xD;
[runtime] 2026-09-19 12:05:51 [verbose]: \ud83d\udd38 Step #10 scale &gt;= 1 at 80ms&#xD;
[runtime] 2026-09-19 12:05:51 [verbose]: \ud83d\udd38 Step #11 clock to 120ms&#xD;
[runtime] 2026-09-19 12:05:51 [verbose]: \ud83d\udd38 Step #12 scale &gt;= 1 at 120ms&#xD;
[runtime] 2026-09-19 12:05:51 [verbose]: \ud83d\udd38 Step #13 clock to 160ms&#xD;
[runtime] 2026-09-19 12:05:51 [verbose]: \ud83d\udd38 Step #14 scale &gt;= 1 at 160ms&#xD;
[runtime] 2026-09-19 12:05:51 [verbose]: \ud83d\udd38 Step #15 clock to 200ms&#xD;
[runtime] 2026-09-19 12:05:51 [verbose]: \ud83d\udd38 Step #16 scale &gt;= 1 at 200ms&#xD;
[runtime] 2026-09-19 12:05:51 [verbose]: \ud83d\udd38 Step #17 clock to 240ms&#xD;
[runtime] 2026-09-19 12:05:51 [verbose]: \ud83d\udd38 Step #18 scale &gt;= 1 at 240ms&#xD;
[runtime] 2026-09-19 12:05:51 [verbose]: \ud83d\udd38 Step #19 clock to 280ms&#xD;
[runtime] 2026-09-19 12:05:52 [verbose]: \ud83d\udd38 Step #20 scale &gt;= 1 at 280ms&#xD;
[runtime] 2026-09-19 12:05:52 [verbose]: \ud83d\udd38 Step #21 clock to 320ms&#xD;
[runtime] 2026-09-19 12:05:52 [verbose]: \ud83d\udd38 Step #22 scale &gt;= 1 at 320ms&#xD;
[runtime] 2026-09-19 12:05:52 [verbose]: \ud83d\udd38 Step #23 clock to 360ms&#xD;
[runtime] 2026-09-19 12:05:52 [verbose]: \ud83d\udd38 Step #24 scale &gt;= 1 at 360ms&#xD;
[runtime] 2026-09-19 12:05:52 [verbose]: \ud83d\udd38 Step #25 clock to 400ms&#xD;
[runtime] 2026-09-19 12:05:52 [verbose]: \ud83d\udd38 Step #26 scale &gt;= 1 at 400ms&#xD;
[runtime] 2026-09-19 12:05:52 [verbose]: ✅ TestSceneComboCounter completed</StdOut>
      </Output>
    </UnitTestResult>
    <UnitTestResult executionId="401858ed-84ee-4caf-b6f0-818238913efc" testId="591f7be2-b528-ac06-ffcc-c9ca2ac9f774" testName="MetadataFlagsArePassedAndTrimmedWhenSet" computerName="LAPTOP-741RB0M6" duration="00:00:00.0038470" startTime="2026-09-19T18:05:46.5925655+06:00" endTime="2026-09-19T18:05:46.5964123+06:00" testType="13cdc9d9-ddb5-4fa4-a97d-d965ccfc6d4b" outcome="Passed" testListId="8c84fa94-04c1-424b-9868-57a2d4851a1d" relativeResultsDirectory="401858ed-84ee-4caf-b6f0-818238913efc" />
    <UnitTestResult executionId="04c8fa92-a34d-409d-bd3e-0f174b2dabbc" testId="20693e91-0e73-ed18-9d2e-b27cfc50c00c" testName="BeatLengthAppliesBeforeAndAfterTheTimingPoint" computerName="LAPTOP-741RB0M6" duration="00:00:00.0002940" startTime="2026-09-19T18:05:46.6603158+06:00" endTime="2026-09-19T18:05:46.6606092+06:00" testType="13cdc9d9-ddb5-4fa4-a97d-d965ccfc6d4b" outcome="Passed" testListId="8c84fa94-04c1-424b-9868-57a2d4851a1d" relativeResultsDirectory="04c8fa92-a34d-409d-bd3e-0f174b2dabbc" />
    <UnitTestResult executionId="585f4ad6-3586-463f-9650-9178de8f946f" testId="ccb6272f-0feb-57a5-fac8-2fd066f744f2" testName="OszFilesAreDiscovered" computerName="LAPTOP-741RB0M6" duration="00:00:00.0063640" startTime="2026-09-19T18:05:46.7718285+06:00" endTime="2026-09-19T18:05:46.7781918+06:00" testType="13cdc9d9-ddb5-4fa4-a97d-d965ccfc6d4b" outcome="Passed" testListId="8c84fa94-04c1-424b-9868-57a2d4851a1d" relativeResultsDirectory="585f4ad6-3586-463f-9650-9178de8f946f" />
    <UnitTestResult executionId="480a3449-465f-4bc0-8fa7-f11b8857c32b" testId="c206f92e-2c2d-34b0-b546-1833e6ed0270" testName="TestClearedRunShowsItsGrade" computerName="LAPTOP-741RB0M6" duration="00:00:00.0526180" startTime="2026-09-19T18:05:57.7763564+06:00" endTime="2026-09-19T18:05:57.8289739+06:00" testType="13cdc9d9-ddb5-4fa4-a97d-d965ccfc6d4b" outcome="Passed" testListId="8c84fa94-04c1-424b-9868-57a2d4851a1d" relativeResultsDirectory="480a3449-465f-4bc0-8fa7-f11b8857c32b">
      <Output>
        <StdOut>[runtime] 2026-09-19 12:05:57 [verbose]: \ud83d\udca8 Class: TestSceneResultsScreen&#xD;
[runtime] 2026-09-19 12:05:57 [verbose]: \ud83d\udd36 Test:  TestClearedRunShowsItsGrade&#xD;
[runtime] 2026-09-19 12:05:57 [verbose]: \ud83d\udd38 Step #1 push results&#xD;
[runtime] 2026-09-19 12:05:57 [verbose]: \ud83d\udcfa ScreenStack#604(depth:1) loading ResultsScreen#558&#xD;
[runtime] 2026-09-19 12:05:57 [verbose]: \ud83d\udcfa ScreenStack#604(depth:1) entered ResultsScreen#558&#xD;
[runtime] 2026-09-19 12:05:57 [verbose]: \ud83d\udd38 Step #2 results loaded&#xD;
[runtime] 2026-09-19 12:05:57 [verbose]: \ud83d\udd38 Step #3 results screen is current&#xD;
[runtime] 2026-09-19 12:05:57 [verbose]: ✅ TestSceneResultsScreen completed</StdOut>
      </Output>
    </UnitTestResult>
    <UnitTestResult executionId="769b8df9-b253-4f74-ae78-0278578b3884" testId="f9df3fc0-b75b-e902-cff0-3e8634521ec3" testName="TestDisablingHoldsScaleAtOneEvenOnTheBeat" computerName="LAPTOP-741RB0M6" duration="00:00:00.0640020" startTime="2026-09-19T18:05:48.5186428+06:00" endTime="2026-09-19T18:05:48.5826441+06:00" testType="13cdc9d9-ddb5-4fa4-a97d-d965ccfc6d4b" outcome="Passed" testListId="8c84fa94-04c1-424b-9868-57a2d4851a1d" relativeResultsDirectory="769b8df9-b253-4f74-ae78-0278578b3884">
      <Output>
        <StdOut>[runtime] 2026-09-19 12:05:48 [verbose]: \ud83d\udca8 Class: TestSceneBeatPulseBackground&#xD;
[runtime] 2026-09-19 12:05:48 [verbose]: \ud83d\udd36 Test:  TestDisablingHoldsScaleAtOneEvenOnTheBeat&#xD;
[runtime] 2026-09-19 12:05:48 [verbose]: \ud83d\udd38 Step #1 create background&#xD;
[runtime] 2026-09-19 12:05:48 [verbose]: \ud83d\udd38 Step #2 loaded&#xD;
[runtime] 2026-09-19 12:05:48 [verbose]: \ud83d\udd38 Step #3 disable&#xD;
[runtime] 2026-09-19 12:05:48 [verbose]: \ud83d\udd38 Step #4 set time to a beat&#xD;
[runtime] 2026-09-19 12:05:48 [verbose]: \ud83d\udd38 Step #5 resting size while disabled&#xD;
[runtime] 2026-09-19 12:05:48 [verbose]: ✅ TestSceneBeatPulseBackground completed</StdOut>
      </Output>
    </UnitTestResult>
    <UnitTestResult executionId="be856532-d71b-40ca-8366-251b3d4320fb" testId="dc0fcc7c-0368-f62f-6e27-47c8b7939cb3" testName="TestFindsTheRealBackendFromInsideTheRepository" computerName="LAPTOP-741RB0M6" duration="00:00:00.0450710" startTime="2026-09-19T18:05:59.8886817+06:00" endTime="2026-09-19T18:05:59.9337519+06:00" testType="13cdc9d9-ddb5-4fa4-a97d-d965ccfc6d4b" outcome="Passed" testListId="8c84fa94-04c1-424b-9868-57a2d4851a1d" relativeResultsDirectory="be856532-d71b-40ca-8366-251b3d4320fb">
      <Output>
        <StdOut>[runtime] 2026-09-19 12:05:59 [verbose]: \ud83d\udca8 Class: TestSceneUploadScreen&#xD;
[runtime] 2026-09-19 12:05:59 [verbose]: \ud83d\udd36 Test:  TestFindsTheRealBackendFromInsideTheRepository&#xD;
[runtime] 2026-09-19 12:05:59 [verbose]: \ud83d\udd38 Step #1 push upload screen&#xD;
[runtime] 2026-09-19 12:05:59 [verbose]: \ud83d\udcfa ScreenStack#351(depth:1) loading UploadScreen#192&#xD;
[runtime] 2026-09-19 12:05:59 [verbose]: \ud83d\udcfa ScreenStack#351(depth:1) entered UploadScreen#192&#xD;
[runtime] 2026-09-19 12:05:59 [verbose]: \ud83d\udd38 Step #2 loaded&#xD;
[runtime] 2026-09-19 12:05:59 [verbose]: \ud83d\udd38 Step #3 backend located&#xD;
[runtime] 2026-09-19 12:05:59 [verbose]: \ud83d\udd38 Step #4 and it points at a real interpreter&#xD;
[runtime] 2026-09-19 12:05:59 [verbose]: ✅ TestSceneUploadScreen completed</StdOut>
      </Output>
    </UnitTestResult>
    <UnitTestResult executionId="2e8a9736-e860-4512-9abc-343c0eb4c7fc" testId="cf340a13-12da-cc2f-f4ab-468d9a546b84" testName="TestConstructor" computerName="LAPTOP-741RB0M6" duration="00:00:00.0313290" startTime="2026-09-19T18:06:00.1330471+06:00" endTime="2026-09-19T18:06:00.1643762+06:00" testType="13cdc9d9-ddb5-4fa4-a97d-d965ccfc6d4b" outcome="Passed" testListId="8c84fa94-04c1-424b-9868-57a2d4851a1d" relativeResultsDirectory="2e8a9736-e860-4512-9abc-343c0eb4c7fc">
      <Output>
        <StdOut>[performance] 2026-09-19 12:06:00 [verbose]: TextureAtlas initialised (1024x1024)&#xD;
[runtime] 2026-09-19 12:06:00 [verbose]: \ud83d\udca8 Class: TestSceneVinylCarousel&#xD;
[runtime] 2026-09-19 12:06:00 [verbose]: \ud83d\udd36 Test:  TestConstructor&#xD;
[runtime] 2026-09-19 12:06:00 [verbose]: ✅ TestSceneVinylCarousel completed</StdOut>
      </Output>
    </UnitTestResult>
    <UnitTestResult executionId="48ec48de-763e-4f91-8511-e5f91e070b72" testId="4075b98a-5e27-fb15-fb1e-c97061eb914a" testName="TestAssemblyHandlesAnEmptyMap" computerName="LAPTOP-741RB0M6" duration="00:00:00.0640910" startTime="2026-09-19T18:05:53.3526192+06:00" endTime="2026-09-19T18:05:53.4167097+06:00" testType="13cdc9d9-ddb5-4fa4-a97d-d965ccfc6d4b" outcome="Passed" testListId="8c84fa94-04c1-424b-9868-57a2d4851a1d" relativeResultsDirectory="48ec48de-763e-4f91-8511-e5f91e070b72">
      <Output>
        <StdOut>[runtime] 2026-09-19 12:05:53 [verbose]: \ud83d\udca8 Class: TestSceneDspVisualization&#xD;
[runtime] 2026-09-19 12:05:53 [verbose]: \ud83d\udd36 Test:  TestAssemblyHandlesAnEmptyMap&#xD;
[runtime] 2026-09-19 12:05:53 [verbose]: \ud83d\udd38 Step #1 add empty preview&#xD;
[runtime] 2026-09-19 12:05:53 [verbose]: \ud83d\udd38 Step #2 loaded&#xD;
[runtime] 2026-09-19 12:05:53 [verbose]: \ud83d\udd38 Step #3 assemble&#xD;
[runtime] 2026-09-19 12:05:53 [verbose]: \ud83d\udd38 Step #4 already complete&#xD;
[runtime] 2026-09-19 12:05:53 [verbose]: ✅ TestSceneDspVisualization completed</StdOut>
      </Output>
    </UnitTestResult>
[...]
[runtime] 2026-09-19 12:05:59 [verbose]: \ud83d\udd38 Step #1 create playfield&#xD;
[runtime] 2026-09-19 12:05:59 [verbose]: \ud83d\udd38 Step #2 add slider&#xD;
[runtime] 2026-09-19 12:05:59 [verbose]: \ud83d\udd38 Step #3 loaded&#xD;
[runtime] 2026-09-19 12:05:59 [verbose]: \ud83d\udd38 Step #4 hit the head and hold along the path&#xD;
[runtime] 2026-09-19 12:05:59 [verbose]: \ud83d\udd38 Step #5 slider judged a Great&#xD;
[runtime] 2026-09-19 12:05:59 [verbose]: ✅ TestSceneSliderAndSpinner completed&#xD;
</Text>
      </RunInfo>
      <RunInfo computerName="LAPTOP-741RB0M6" outcome="Warning" timestamp="2026-09-19T18:05:59.3235651+06:00">
        <Text>[runtime] 2026-09-19 12:05:59 [verbose]: \ud83d\udca8 Class: TestSceneSliderAndSpinner&#xD;
[runtime] 2026-09-19 12:05:59 [verbose]: \ud83d\udd36 Test:  TestSliderIgnoredEntirelyIsAMiss&#xD;
[runtime] 2026-09-19 12:05:59 [verbose]: \ud83d\udd38 Step #1 create playfield&#xD;
[runtime] 2026-09-19 12:05:59 [verbose]: \ud83d\udd38 Step #2 add slider&#xD;
[runtime] 2026-09-19 12:05:59 [verbose]: \ud83d\udd38 Step #3 loaded&#xD;
[runtime] 2026-09-19 12:05:59 [verbose]: \ud83d\udd38 Step #4 never touch it&#xD;
[runtime] 2026-09-19 12:05:59 [verbose]: \ud83d\udd38 Step #5 slider judged a Miss&#xD;
[runtime] 2026-09-19 12:05:59 [verbose]: ✅ TestSceneSliderAndSpinner completed&#xD;
</Text>
      </RunInfo>
      <RunInfo computerName="LAPTOP-741RB0M6" outcome="Warning" timestamp="2026-09-19T18:05:59.3659120+06:00">
        <Text>[runtime] 2026-09-19 12:05:59 [verbose]: \ud83d\udca8 Class: TestSceneSliderAndSpinner&#xD;
[runtime] 2026-09-19 12:05:59 [verbose]: \ud83d\udd36 Test:  TestSpinningExactlyToTheRequirementAwardsNoBonus&#xD;
[runtime] 2026-09-19 12:05:59 [verbose]: \ud83d\udd38 Step #1 create playfield&#xD;
[runtime] 2026-09-19 12:05:59 [verbose]: \ud83d\udd38 Step #2 add spinner&#xD;
[runtime] 2026-09-19 12:05:59 [verbose]: \ud83d\udd38 Step #3 loaded&#xD;
[runtime] 2026-09-19 12:05:59 [verbose]: \ud83d\udd38 Step #4 spin exactly the required 540 degrees&#xD;
[runtime] 2026-09-19 12:05:59 [verbose]: \ud83d\udd38 Step #5 no bonus yet&#xD;
[runtime] 2026-09-19 12:05:59 [verbose]: ✅ TestSceneSliderAndSpinner completed&#xD;
</Text>
      </RunInfo>
      <RunInfo computerName="LAPTOP-741RB0M6" outcome="Warning" timestamp="2026-09-19T18:05:59.4086468+06:00">
        <Text>[runtime] 2026-09-19 12:05:59 [verbose]: \ud83d\udca8 Class: TestSceneSliderAndSpinner&#xD;
[runtime] 2026-09-19 12:05:59 [verbose]: \ud83d\udd36 Test:  TestUntouchedSpinnerIsAMiss&#xD;
[runtime] 2026-09-19 12:05:59 [verbose]: \ud83d\udd38 Step #1 create playfield&#xD;
[runtime] 2026-09-19 12:05:59 [verbose]: \ud83d\udd38 Step #2 add spinner&#xD;
[runtime] 2026-09-19 12:05:59 [verbose]: \ud83d\udd38 Step #3 loaded&#xD;
[runtime] 2026-09-19 12:05:59 [verbose]: \ud83d\udd38 Step #4 leave the cursor still&#xD;
[runtime] 2026-09-19 12:05:59 [verbose]: \ud83d\udd38 Step #5 spinner judged a Miss&#xD;
[runtime] 2026-09-19 12:05:59 [verbose]: ✅ TestSceneSliderAndSpinner completed&#xD;
</Text>
      </RunInfo>
      <RunInfo computerName="LAPTOP-741RB0M6" outcome="Warning" timestamp="2026-09-19T18:05:59.6559532+06:00">
        <Text>[runtime] 2026-09-19 12:05:59 [verbose]: \ud83d\udd08 BASS initialised&#xD;
[runtime] 2026-09-19 12:05:59 [verbose]: BASS version:           2.4.17.48&#xD;
[runtime] 2026-09-19 12:05:59 [verbose]: BASS FX version:        2.4.12.16&#xD;
[runtime] 2026-09-19 12:05:59 [verbose]: BASS MIX version:       2.4.12.10&#xD;
[runtime] 2026-09-19 12:05:59 [verbose]: Device:                 No sound&#xD;
[runtime] 2026-09-19 12:05:59 [verbose]: Driver:&#xD;
[runtime] 2026-09-19 12:05:59 [verbose]: Device period length:   0&#xD;
[runtime] 2026-09-19 12:05:59 [verbose]: Device buffer length:   10 ms&#xD;
[runtime] 2026-09-19 12:05:59 [verbose]: Update period:          5 ms&#xD;
[runtime] 2026-09-19 12:05:59 [verbose]: Playback buffer length: 100 ms&#xD;
[performance] 2026-09-19 12:05:59 [verbose]: TextureAtlas initialised (1024x1024)&#xD;
[runtime] 2026-09-19 12:05:59 [verbose]: \ud83d\udca8 Class: TestSceneUploadScreen&#xD;
[runtime] 2026-09-19 12:05:59 [verbose]: \ud83d\udd36 Test:  TestConstructor&#xD;
[runtime] 2026-09-19 12:05:59 [verbose]: ✅ TestSceneUploadScreen completed&#xD;
</Text>
      </RunInfo>
      <RunInfo computerName="LAPTOP-741RB0M6" outcome="Warning" timestamp="2026-09-19T18:05:59.7202285+06:00">
        <Text>[runtime] 2026-09-19 12:05:59 [verbose]: \ud83d\udca8 Class: TestSceneUploadScreen&#xD;
[runtime] 2026-09-19 12:05:59 [verbose]: \ud83d\udd36 Test:  TestAMissingFileIsRejectedRatherThanQueued&#xD;
[runtime] 2026-09-19 12:05:59 [verbose]: \ud83d\udd38 Step #1 push upload screen&#xD;
[runtime] 2026-09-19 12:05:59 [verbose]: \ud83d\udcfa ScreenStack#352(depth:1) loading UploadScreen#287&#xD;
[runtime] 2026-09-19 12:05:59 [verbose]: \ud83d\udd38 Step #2 loaded&#xD;
[runtime] 2026-09-19 12:05:59 [verbose]: \ud83d\udcfa ScreenStack#352(depth:1) entered UploadScreen#287&#xD;
[runtime] 2026-09-19 12:05:59 [verbose]: ✔️ 2 repetitions&#xD;
[runtime] 2026-09-19 12:05:59 [verbose]: \ud83d\udd38 Step #3 choose a path that isn't there&#xD;
[runtime] 2026-09-19 12:05:59 [verbose]: \ud83d\udd38 Step #4 nothing queued&#xD;
[runtime] 2026-09-19 12:05:59 [verbose]: \ud83d\udd38 Step #5 said why&#xD;
[runtime] 2026-09-19 12:05:59 [verbose]: ✅ TestSceneUploadScreen completed&#xD;
</Text>
      </RunInfo>
      <RunInfo computerName="LAPTOP-741RB0M6" outcome="Warning" timestamp="2026-09-19T18:05:59.7755323+06:00">
        <Text>[runtime] 2026-09-19 12:05:59 [verbose]: \ud83d\udca8 Class: TestSceneUploadScreen&#xD;
[runtime] 2026-09-19 12:05:59 [verbose]: \ud83d\udd36 Test:  TestANonAudioFileIsRejectedWithAReason&#xD;
[runtime] 2026-09-19 12:05:59 [verbose]: \ud83d\udd38 Step #1 push upload screen&#xD;
[runtime] 2026-09-19 12:05:59 [verbose]: \ud83d\udcfa ScreenStack#222(depth:1) loading UploadScreen#490&#xD;
[runtime] 2026-09-19 12:05:59 [verbose]: \ud83d\udcfa ScreenStack#222(depth:1) entered UploadScreen#490&#xD;
[runtime] 2026-09-19 12:05:59 [verbose]: \ud83d\udd38 Step #2 loaded&#xD;
[runtime] 2026-09-19 12:05:59 [verbose]: \ud83d\udd38 Step #3 drop a text file&#xD;
[runtime] 2026-09-19 12:05:59 [verbose]: \ud83d\udd38 Step #4 nothing queued&#xD;
[runtime] 2026-09-19 12:05:59 [verbose]: \ud83d\udd38 Step #5 still not generatable&#xD;
[runtime] 2026-09-19 12:05:59 [verbose]: \ud83d\udd38 Step #6 said why&#xD;
[runtime] 2026-09-19 12:05:59 [verbose]: ✅ TestSceneUploadScreen completed&#xD;
</Text>
      </RunInfo>
      <RunInfo computerName="LAPTOP-741RB0M6" outcome="Warning" timestamp="2026-09-19T18:05:59.8096641+06:00">
        <Text>[runtime] 2026-09-19 12:05:59 [verbose]: \ud83d\udca8 Class: TestSceneUploadScreen&#xD;
[runtime] 2026-09-19 12:05:59 [verbose]: \ud83d\udd36 Test:  TestBrowseHasAPickerToOpen&#xD;
[runtime] 2026-09-19 12:05:59 [verbose]: \ud83d\udd38 Step #1 push upload screen&#xD;
[runtime] 2026-09-19 12:05:59 [verbose]: \ud83d\udcfa ScreenStack#353(depth:1) loading UploadScreen#143&#xD;
[runtime] 2026-09-19 12:05:59 [verbose]: \ud83d\udcfa ScreenStack#353(depth:1) entered UploadScreen#143&#xD;
[runtime] 2026-09-19 12:05:59 [verbose]: \ud83d\udd38 Step #2 loaded&#xD;
[runtime] 2026-09-19 12:05:59 [verbose]: \ud83d\udd38 Step #3 browse can open something&#xD;
[runtime] 2026-09-19 12:05:59 [verbose]: ✅ TestSceneUploadScreen completed&#xD;
</Text>
      </RunInfo>
      <RunInfo computerName="LAPTOP-741RB0M6" outcome="Warning" timestamp="2026-09-19T18:05:59.8549962+06:00">
        <Text>[runtime] 2026-09-19 12:05:59 [verbose]: \ud83d\udca8 Class: TestSceneUploadScreen&#xD;
[runtime] 2026-09-19 12:05:59 [verbose]: \ud83d\udd36 Test:  TestChoosingAnAudioFileArmsGeneration&#xD;
[runtime] 2026-09-19 12:05:59 [verbose]: \ud83d\udd38 Step #1 push upload screen&#xD;
[runtime] 2026-09-19 12:05:59 [verbose]: \ud83d\udcfa ScreenStack#120(depth:1) loading UploadScreen#115&#xD;
[runtime] 2026-09-19 12:05:59 [verbose]: \ud83d\udcfa ScreenStack#120(depth:1) entered UploadScreen#115&#xD;
[runtime] 2026-09-19 12:05:59 [verbose]: \ud83d\udd38 Step #2 loaded&#xD;
[runtime] 2026-09-19 12:05:59 [verbose]: \ud83d\udd38 Step #3 choose an audio file&#xD;
[runtime] 2026-09-19 12:05:59 [verbose]: \ud83d\udd38 Step #4 file queued&#xD;
[runtime] 2026-09-19 12:05:59 [verbose]: \ud83d\udd38 Step #5 generate is offered&#xD;
[runtime] 2026-09-19 12:05:59 [verbose]: \ud83d\udd38 Step #6 no complaint shown&#xD;
[runtime] 2026-09-19 12:05:59 [verbose]: ✅ TestSceneUploadScreen completed&#xD;
</Text>
      </RunInfo>
      <RunInfo computerName="LAPTOP-741RB0M6" outcome="Warning" timestamp="2026-09-19T18:05:59.8889320+06:00">
        <Text>[runtime] 2026-09-19 12:05:59 [verbose]: \ud83d\udca8 Class: TestSceneUploadScreen&#xD;
[runtime] 2026-09-19 12:05:59 [verbose]: \ud83d\udd36 Test:  TestEveryTierIsSelectedByDefault&#xD;
[runtime] 2026-09-19 12:05:59 [verbose]: \ud83d\udd38 Step #1 push upload screen&#xD;
[runtime] 2026-09-19 12:05:59 [verbose]: \ud83d\udcfa ScreenStack#492(depth:1) loading UploadScreen#383&#xD;
[runtime] 2026-09-19 12:05:59 [verbose]: \ud83d\udcfa ScreenStack#492(depth:1) entered UploadScreen#383&#xD;
[runtime] 2026-09-19 12:05:59 [verbose]: \ud83d\udd38 Step #2 loaded&#xD;
[runtime] 2026-09-19 12:05:59 [verbose]: \ud83d\udd38 Step #3 all five tiers ticked&#xD;
[runtime] 2026-09-19 12:05:59 [verbose]: ✅ TestSceneUploadScreen completed&#xD;
</Text>
      </RunInfo>
      <RunInfo computerName="LAPTOP-741RB0M6" outcome="Warning" timestamp="2026-09-19T18:05:59.9341954+06:00">
        <Text>[runtime] 2026-09-19 12:05:59 [verbose]: \ud83d\udca8 Class: TestSceneUploadScreen&#xD;
[runtime] 2026-09-19 12:05:59 [verbose]: \ud83d\udd36 Test:  TestFindsTheRealBackendFromInsideTheRepository&#xD;
[runtime] 2026-09-19 12:05:59 [verbose]: \ud83d\udd38 Step #1 push upload screen&#xD;
[runtime] 2026-09-19 12:05:59 [verbose]: \ud83d\udcfa ScreenStack#351(depth:1) loading UploadScreen#192&#xD;
[runtime] 2026-09-19 12:05:59 [verbose]: \ud83d\udcfa ScreenStack#351(depth:1) entered UploadScreen#192&#xD;
[runtime] 2026-09-19 12:05:59 [verbose]: \ud83d\udd38 Step #2 loaded&#xD;
[runtime] 2026-09-19 12:05:59 [verbose]: \ud83d\udd38 Step #3 backend located&#xD;
[runtime] 2026-09-19 12:05:59 [verbose]: \ud83d\udd38 Step #4 and it points at a real interpreter&#xD;
[runtime] 2026-09-19 12:05:59 [verbose]: ✅ TestSceneUploadScreen completed&#xD;
</Text>
      </RunInfo>
      <RunInfo computerName="LAPTOP-741RB0M6" outcome="Warning" timestamp="2026-09-19T18:05:59.9676220+06:00">
        <Text>[runtime] 2026-09-19 12:05:59 [verbose]: \ud83d\udca8 Class: TestSceneUploadScreen&#xD;
[runtime] 2026-09-19 12:05:59 [verbose]: \ud83d\udd36 Test:  TestNothingIsQueuedUntilAFileIsChosen&#xD;
[runtime] 2026-09-19 12:05:59 [verbose]: \ud83d\udd38 Step #1 push upload screen&#xD;
[runtime] 2026-09-19 12:05:59 [verbose]: \ud83d\udcfa ScreenStack#111(depth:1) loading UploadScreen#557&#xD;
[runtime] 2026-09-19 12:05:59 [verbose]: \ud83d\udcfa ScreenStack#111(depth:1) entered UploadScreen#557&#xD;
[runtime] 2026-09-19 12:05:59 [verbose]: \ud83d\udd38 Step #2 loaded&#xD;
[runtime] 2026-09-19 12:05:59 [verbose]: \ud83d\udd38 Step #3 no file yet&#xD;
[runtime] 2026-09-19 12:05:59 [verbose]: \ud83d\udd38 Step #4 generate is not offered&#xD;
[runtime] 2026-09-19 12:05:59 [verbose]: ✅ TestSceneUploadScreen completed&#xD;
[runtime] 2026-09-19 12:05:59 [verbose]: Host execution state changed to Stopping&#xD;
</Text>
      </RunInfo>
      <RunInfo computerName="LAPTOP-741RB0M6" outcome="Warning" timestamp="2026-09-19T18:06:00.1649222+06:00">
        <Text>[performance] 2026-09-19 12:06:00 [verbose]: TextureAtlas initialised (1024x1024)&#xD;
[runtime] 2026-09-19 12:06:00 [verbose]: \ud83d\udca8 Class: TestSceneVinylCarousel&#xD;
[runtime] 2026-09-19 12:06:00 [verbose]: \ud83d\udd36 Test:  TestConstructor&#xD;
[runtime] 2026-09-19 12:06:00 [verbose]: ✅ TestSceneVinylCarousel completed&#xD;
</Text>
      </RunInfo>
      <RunInfo computerName="LAPTOP-741RB0M6" outcome="Warning" timestamp="2026-09-19T18:06:00.2401498+06:00">
        <Text>[runtime] 2026-09-19 12:06:00 [verbose]: \ud83d\udca8 Class: TestSceneVinylCarousel&#xD;
[runtime] 2026-09-19 12:06:00 [verbose]: \ud83d\udd36 Test:  ConfirmingReportsTheSelectedSong&#xD;
[runtime] 2026-09-19 12:06:00 [verbose]: \ud83d\udd38 Step #1 create wheel&#xD;
[runtime] 2026-09-19 12:06:00 [verbose]: \ud83d\udd38 Step #2 set entries&#xD;
[runtime] 2026-09-19 12:06:00 [verbose]: \ud83d\udd38 Step #3 turn&#xD;
[runtime] 2026-09-19 12:06:00 [verbose]: \ud83d\udd38 Step #4 confirm&#xD;
[runtime] 2026-09-19 12:06:00 [verbose]: \ud83d\udd38 Step #5 confirmed the selected one&#xD;
[runtime] 2026-09-19 12:06:00 [verbose]: ✅ TestSceneVinylCarousel completed&#xD;
</Text>
      </RunInfo>
      <RunInfo computerName="LAPTOP-741RB0M6" outcome="Warning" timestamp="2026-09-19T18:06:00.2935926+06:00">
        <Text>[runtime] 2026-09-19 12:06:00 [verbose]: \ud83d\udca8 Class: TestSceneVinylCarousel&#xD;
[runtime] 2026-09-19 12:06:00 [verbose]: \ud83d\udd36 Test:  EmptyLibraryDoesNotCrashAndSelectsNothing&#xD;
[runtime] 2026-09-19 12:06:00 [verbose]: \ud83d\udd38 Step #1 create wheel&#xD;
[runtime] 2026-09-19 12:06:00 [verbose]: \ud83d\udd38 Step #2 set entries&#xD;
[runtime] 2026-09-19 12:06:00 [verbose]: \ud83d\udd38 Step #3 no selection&#xD;
[runtime] 2026-09-19 12:06:00 [verbose]: \ud83d\udd38 Step #4 try to turn it&#xD;
[runtime] 2026-09-19 12:06:00 [verbose]: \ud83d\udd38 Step #5 still no selection&#xD;
[runtime] 2026-09-19 12:06:00 [verbose]: \ud83d\udd38 Step #6 try to confirm&#xD;
[runtime] 2026-09-19 12:06:00 [verbose]: \ud83d\udd38 Step #7 nothing confirmed&#xD;
[runtime] 2026-09-19 12:06:00 [verbose]: ✅ TestSceneVinylCarousel completed&#xD;
</Text>
      </RunInfo>
      <RunInfo computerName="LAPTOP-741RB0M6" outcome="Warning" timestamp="2026-09-19T18:06:00.3674679+06:00">
        <Text>[runtime] 2026-09-19 12:06:00 [verbose]: \ud83d\udca8 Class: TestSceneVinylCarousel&#xD;
[runtime] 2026-09-19 12:06:00 [verbose]: \ud83d\udd36 Test:  PreferredSetIsSelectedOnFirstEntriesOnly&#xD;
[runtime] 2026-09-19 12:06:00 [verbose]: \ud83d\udd38 Step #1 create wheel&#xD;
[runtime] 2026-09-19 12:06:00 [verbose]: \ud83d\udd38 Step #2 set entries&#xD;
[runtime] 2026-09-19 12:06:00 [verbose]: \ud83d\udd38 Step #3 set entries preferring the generated one&#xD;
[runtime] 2026-09-19 12:06:00 [verbose]: \ud83d\udd38 Step #4 starts on the generated set&#xD;
[runtime] 2026-09-19 12:06:00 [verbose]: \ud83d\udd38 Step #5 re-apply with the same preference&#xD;
[runtime] 2026-09-19 12:06:00 [verbose]: \ud83d\udd38 Step #6 stays on the generated set (nothing to preserve away from)&#xD;
[runtime] 2026-09-19 12:06:00 [verbose]: \ud83d\udd38 Step #7 select the first instead&#xD;
[runtime] 2026-09-19 12:06:00 [verbose]: \ud83d\udd38 Step #8 re-apply the same preference again&#xD;
[runtime] 2026-09-19 12:06:00 [verbose]: \ud83d\udd38 Step #9 preference is ignored once something is already selected&#xD;
[runtime] 2026-09-19 12:06:00 [verbose]: ✅ TestSceneVinylCarousel completed&#xD;
</Text>
      </RunInfo>
      <RunInfo computerName="LAPTOP-741RB0M6" outcome="Warning" timestamp="2026-09-19T18:06:00.4309016+06:00">
        <Text>[runtime] 2026-09-19 12:06:00 [verbose]: \ud83d\udca8 Class: TestSceneVinylCarousel&#xD;
[runtime] 2026-09-19 12:06:00 [verbose]: \ud83d\udd36 Test:  SelectionChangeIsReportedOnce&#xD;
[runtime] 2026-09-19 12:06:00 [verbose]: \ud83d\udd38 Step #1 create wheel&#xD;
[runtime] 2026-09-19 12:06:00 [verbose]: \ud83d\udd38 Step #2 set entries&#xD;
[runtime] 2026-09-19 12:06:00 [verbose]: \ud83d\udd38 Step #3 reset count&#xD;
[runtime] 2026-09-19 12:06:00 [verbose]: \ud83d\udd38 Step #4 turn&#xD;
[runtime] 2026-09-19 12:06:00 [verbose]: \ud83d\udd38 Step #5 one change reported&#xD;
[runtime] 2026-09-19 12:06:00 [verbose]: \ud83d\udd38 Step #6 reported the new song&#xD;
[runtime] 2026-09-19 12:06:00 [verbose]: \ud83d\udd38 Step #7 select same again&#xD;
[runtime] 2026-09-19 12:06:00 [verbose]: \ud83d\udd38 Step #8 no further change&#xD;
[runtime] 2026-09-19 12:06:00 [verbose]: ✅ TestSceneVinylCarousel completed&#xD;
</Text>
      </RunInfo>
      <RunInfo computerName="LAPTOP-741RB0M6" outcome="Warning" timestamp="2026-09-19T18:06:00.5033276+06:00">
        <Text>[runtime] 2026-09-19 12:06:00 [verbose]: \ud83d\udca8 Class: TestSceneVinylCarousel&#xD;
[runtime] 2026-09-19 12:06:00 [verbose]: \ud83d\udd36 Test:  SelectionSurvivesTheListBeingFiltered&#xD;
[runtime] 2026-09-19 12:06:00 [verbose]: \ud83d\udd38 Step #1 create wheel&#xD;
[runtime] 2026-09-19 12:06:00 [verbose]: \ud83d\udd38 Step #2 set entries&#xD;
[runtime] 2026-09-19 12:06:00 [verbose]: \ud83d\udd38 Step #3 select the second&#xD;
[runtime] 2026-09-19 12:06:00 [verbose]: \ud83d\udd38 Step #4 on second&#xD;
[runtime] 2026-09-19 12:06:00 [verbose]: \ud83d\udd38 Step #5 filter to two of them&#xD;
[runtime] 2026-09-19 12:06:00 [verbose]: \ud83d\udd38 Step #6 still on second&#xD;
[runtime] 2026-09-19 12:06:00 [verbose]: \ud83d\udd38 Step #7 filter it out&#xD;
[runtime] 2026-09-19 12:06:00 [verbose]: \ud83d\udd38 Step #8 falls back to first remaining&#xD;
[runtime] 2026-09-19 12:06:00 [verbose]: ✅ TestSceneVinylCarousel completed&#xD;
</Text>
      </RunInfo>
      <RunInfo computerName="LAPTOP-741RB0M6" outcome="Warning" timestamp="2026-09-19T18:06:00.5462134+06:00">
        <Text>[runtime] 2026-09-19 12:06:00 [verbose]: \ud83d\udca8 Class: TestSceneVinylCarousel&#xD;
[runtime] 2026-09-19 12:06:00 [verbose]: \ud83d\udd36 Test:  SingleSongFillsTheWholeDisc&#xD;
[runtime] 2026-09-19 12:06:00 [verbose]: \ud83d\udd38 Step #1 create wheel&#xD;
[runtime] 2026-09-19 12:06:00 [verbose]: \ud83d\udd38 Step #2 set entries&#xD;
[runtime] 2026-09-19 12:06:00 [verbose]: \ud83d\udd38 Step #3 selected&#xD;
[runtime] 2026-09-19 12:06:00 [verbose]: \ud83d\udd38 Step #4 turn&#xD;
[runtime] 2026-09-19 12:06:00 [verbose]: \ud83d\udd38 Step #5 still selected&#xD;
[runtime] 2026-09-19 12:06:00 [verbose]: ✅ TestSceneVinylCarousel completed&#xD;
</Text>
      </RunInfo>
      <RunInfo computerName="LAPTOP-741RB0M6" outcome="Warning" timestamp="2026-09-19T18:06:00.5989936+06:00">
        <Text>[runtime] 2026-09-19 12:06:00 [verbose]: \ud83d\udca8 Class: TestSceneVinylCarousel&#xD;
[runtime] 2026-09-19 12:06:00 [verbose]: \ud83d\udd36 Test:  TurningWrapsAroundInBothDirections&#xD;
[runtime] 2026-09-19 12:06:00 [verbose]: \ud83d\udd38 Step #1 create wheel&#xD;
[runtime] 2026-09-19 12:06:00 [verbose]: \ud83d\udd38 Step #2 set entries&#xD;
[runtime] 2026-09-19 12:06:00 [verbose]: \ud83d\udd38 Step #3 starts on first&#xD;
[runtime] 2026-09-19 12:06:00 [verbose]: \ud83d\udd38 Step #4 back one&#xD;
[runtime] 2026-09-19 12:06:00 [verbose]: \ud83d\udd38 Step #5 wrapped to last&#xD;
[runtime] 2026-09-19 12:06:00 [verbose]: \ud83d\udd38 Step #6 forward one&#xD;
[runtime] 2026-09-19 12:06:00 [verbose]: \ud83d\udd38 Step #7 wrapped to first&#xD;
[runtime] 2026-09-19 12:06:00 [verbose]: ✅ TestSceneVinylCarousel completed&#xD;
</Text>
      </RunInfo>
      <RunInfo computerName="LAPTOP-741RB0M6" outcome="Warning" timestamp="2026-09-19T18:06:00.6420821+06:00">
        <Text>[runtime] 2026-09-19 12:06:00 [verbose]: \ud83d\udca8 Class: TestSceneVinylCarousel&#xD;
[runtime] 2026-09-19 12:06:00 [verbose]: \ud83d\udd36 Test:  UnmatchedPreferenceFallsBackToTheFirstSet&#xD;
[runtime] 2026-09-19 12:06:00 [verbose]: \ud83d\udd38 Step #1 create wheel&#xD;
[runtime] 2026-09-19 12:06:00 [verbose]: \ud83d\udd38 Step #2 set entries&#xD;
[runtime] 2026-09-19 12:06:00 [verbose]: \ud83d\udd38 Step #3 set entries preferring something not in the list&#xD;
[runtime] 2026-09-19 12:06:00 [verbose]: \ud83d\udd38 Step #4 falls back to the first&#xD;
[runtime] 2026-09-19 12:06:00 [verbose]: ✅ TestSceneVinylCarousel completed&#xD;
</Text>
      </RunInfo>
    </RunInfos>
  </ResultSummary>
</TestRun>