<?xml version="1.0" encoding="utf-8"?>
<TestRun id="602fa6b3-c503-43b9-9156-09791e4e6420" name="Arafat Inan@LAPTOP-741RB0M6 2026-09-19 18:45:52" runUser="LAPTOP-741RB0M6\Arafat Inan" xmlns="http://microsoft.com/schemas/VisualStudio/TeamTest/2010">
  <Times creation="2026-09-19T18:45:52.7605736+06:00" queuing="2026-09-19T18:45:52.7605739+06:00" start="2026-09-19T18:45:52.5933561+06:00" finish="2026-09-19T18:45:52.7609815+06:00" />
  <TestSettings name="default" id="ebc1ed55-fcbf-4f91-8f9c-c7e12d2a4d62">
    <Deployment runDeploymentRoot="Arafat_Inan_LAPTOP-741RB0M6_2026-09-19_18_45_52" />
  </TestSettings>
  <TestLists>
    <TestList name="Results Not in a List" id="8c84fa94-04c1-424b-9868-57a2d4851a1d" />
    <TestList name="All Loaded Results" id="19431567-8539-422a-85d7-44ee4e166bda" />
  </TestLists>
  <ResultSummary outcome="Failed">
    <Counters total="0" executed="0" passed="0" failed="0" error="0" timeout="0" aborted="0" inconclusive="0" passedButRunAborted="0" notRunnable="0" notExecuted="0" disconnected="0" warning="0" completed="0" inProgress="0" pending="0" />
    <Output>
      <StdOut>A fatal error was encountered. The library 'hostpolicy.dll' required to execute the application was not found in 'C:\Program Files\dotnet'.&#xD;
Failed to run as a self-contained app.&#xD;
  - The application was run as a self-contained app because 'D:\osu-dsp-project\frontend\OsuClient.Tests\bin\Debug\net8.0\testhost.runtimeconfig.json' was not found.&#xD;
  - If this should be a framework-dependent app, add the 'D:\osu-dsp-project\frontend\OsuClient.Tests\bin\Debug\net8.0\testhost.runtimeconfig.json' file and specify the appropriate framework.&#xD;
</StdOut>
    </Output>
    <RunInfos>
      <RunInfo computerName="LAPTOP-741RB0M6" outcome="Error" timestamp="2026-09-19T18:45:52.7306517+06:00">
        <Text>Testhost process for source(s) 'D:\osu-dsp-project\frontend\OsuClient.Tests\bin\Debug\net8.0\OsuClient.Tests.dll' exited with error: A fatal error was encountered. The library 'hostpolicy.dll' required to execute the application was not found in 'C:\Program Files\dotnet'.&#xD;
Failed to run as a self-contained app.&#xD;
  - The application was run as a self-contained app because 'D:\osu-dsp-project\frontend\OsuClient.Tests\bin\Debug\net8.0\testhost.runtimeconfig.json' was not found.&#xD;
  - If this should be a framework-dependent app, add the 'D:\osu-dsp-project\frontend\OsuClient.Tests\bin\Debug\net8.0\testhost.runtimeconfig.json' file and specify the appropriate framework.&#xD;
. Please check the diagnostic logs for more information.</Text>
      </RunInfo>
    </RunInfos>
  </ResultSummary>
</TestRun>